<?xml version="1.0" encoding="UTF-8"?>
<coverage generated="1560328966474" clover="3.2.0">
  <project timestamp="1560328966474" name="All files">
    <metrics statements="348" coveredstatements="341" conditionals="177" coveredconditionals="174" methods="64" coveredmethods="59" elements="589" coveredelements="574" complexity="0" loc="348" ncloc="348" packages="4" files="5" classes="5"/>
    <package name="common.errors">
      <metrics statements="7" coveredstatements="2" conditionals="0" coveredconditionals="0" methods="6" coveredmethods="1"/>
      <file name="index.js" path="C:\Users\liknE\Documents\skylab\bootcamp\collab\skylab-bootcamp-201904\staff\francesc-destruels\breedingseason\breedingseasonback\common\errors\index.js">
        <metrics statements="7" coveredstatements="2" conditionals="0" coveredconditionals="0" methods="6" coveredmethods="1"/>
        <line num="5" count="0" type="stmt"/>
        <line num="11" count="0" type="stmt"/>
        <line num="17" count="0" type="stmt"/>
        <line num="23" count="0" type="stmt"/>
        <line num="29" count="0" type="stmt"/>
        <line num="35" count="11" type="stmt"/>
        <line num="39" count="1" type="stmt"/>
      </file>
    </package>
    <package name="common.utils">
      <metrics statements="10" coveredstatements="8" conditionals="6" coveredconditionals="3" methods="2" coveredmethods="2"/>
      <file name="array-random.polyfill.js" path="C:\Users\liknE\Documents\skylab\bootcamp\collab\skylab-bootcamp-201904\staff\francesc-destruels\breedingseason\breedingseasonback\common\utils\array-random.polyfill.js">
        <metrics statements="3" coveredstatements="3" conditionals="0" coveredconditionals="0" methods="1" coveredmethods="1"/>
        <line num="1" count="1" type="stmt"/>
        <line num="3" count="1" type="stmt"/>
        <line num="4" count="2858" type="stmt"/>
      </file>
      <file name="math-random.polyfill.js" path="C:\Users\liknE\Documents\skylab\bootcamp\collab\skylab-bootcamp-201904\staff\francesc-destruels\breedingseason\breedingseasonback\common\utils\math-random.polyfill.js">
        <metrics statements="7" coveredstatements="5" conditionals="6" coveredconditionals="3" methods="1" coveredmethods="1"/>
        <line num="1" count="1" type="stmt"/>
        <line num="3" count="1" type="stmt"/>
        <line num="4" count="29601" type="cond" truecount="2" falsecount="0"/>
        <line num="5" count="2891" type="cond" truecount="1" falsecount="1"/>
        <line num="6" count="2891" type="stmt"/>
        <line num="7" count="0" type="cond" truecount="0" falsecount="2"/>
        <line num="8" count="0" type="stmt"/>
      </file>
    </package>
    <package name="logic">
      <metrics statements="113" coveredstatements="113" conditionals="48" coveredconditionals="48" methods="28" coveredmethods="28"/>
      <file name="index.js" path="C:\Users\liknE\Documents\skylab\bootcamp\collab\skylab-bootcamp-201904\staff\francesc-destruels\breedingseason\breedingseasonback\logic\index.js">
        <metrics statements="113" coveredstatements="113" conditionals="48" coveredconditionals="48" methods="28" coveredmethods="28"/>
        <line num="1" count="1" type="stmt"/>
        <line num="2" count="1" type="stmt"/>
        <line num="3" count="1" type="stmt"/>
        <line num="4" count="1" type="stmt"/>
        <line num="5" count="1" type="stmt"/>
        <line num="6" count="1" type="stmt"/>
        <line num="7" count="1" type="stmt"/>
        <line num="8" count="1" type="stmt"/>
        <line num="10" count="1" type="stmt"/>
        <line num="13" count="3" type="stmt"/>
        <line num="14" count="3" type="stmt"/>
        <line num="15" count="3" type="stmt"/>
        <line num="16" count="3" type="stmt"/>
        <line num="18" count="3" type="stmt"/>
        <line num="19" count="3" type="stmt"/>
        <line num="20" count="3" type="stmt"/>
        <line num="22" count="3" type="cond" truecount="4" falsecount="0"/>
        <line num="23" count="2" type="cond" truecount="2" falsecount="0"/>
        <line num="24" count="1" type="stmt"/>
        <line num="29" count="4" type="stmt"/>
        <line num="30" count="4" type="stmt"/>
        <line num="32" count="4" type="stmt"/>
        <line num="33" count="4" type="stmt"/>
        <line num="35" count="4" type="cond" truecount="2" falsecount="0"/>
        <line num="36" count="2" type="stmt"/>
        <line num="38" count="2" type="cond" truecount="4" falsecount="0"/>
        <line num="39" count="1" type="stmt"/>
        <line num="40" count="1" type="stmt"/>
        <line num="41" count="1" type="stmt"/>
        <line num="44" count="2" type="stmt"/>
        <line num="46" count="2" type="cond" truecount="4" falsecount="0"/>
        <line num="47" count="1" type="stmt"/>
        <line num="48" count="1" type="stmt"/>
        <line num="49" count="1" type="stmt"/>
        <line num="55" count="2" type="stmt"/>
        <line num="57" count="2" type="stmt"/>
        <line num="59" count="2" type="stmt"/>
        <line num="61" count="2" type="cond" truecount="2" falsecount="0"/>
        <line num="62" count="1" type="stmt"/>
        <line num="64" count="1" type="stmt"/>
        <line num="66" count="1" type="stmt"/>
        <line num="67" count="1" type="stmt"/>
        <line num="73" count="3" type="stmt"/>
        <line num="75" count="3" type="stmt"/>
        <line num="77" count="3" type="stmt"/>
        <line num="79" count="3" type="cond" truecount="2" falsecount="0"/>
        <line num="80" count="2" type="stmt"/>
        <line num="82" count="2" type="stmt"/>
        <line num="84" count="2" type="cond" truecount="2" falsecount="0"/>
        <line num="85" count="5" type="stmt"/>
        <line num="86" count="1" type="stmt"/>
        <line num="88" count="1" type="stmt"/>
        <line num="89" count="1" type="stmt"/>
        <line num="95" count="3" type="stmt"/>
        <line num="96" count="3" type="stmt"/>
        <line num="97" count="3" type="stmt"/>
        <line num="101" count="3" type="stmt"/>
        <line num="103" count="3" type="stmt"/>
        <line num="105" count="3" type="stmt"/>
        <line num="107" count="3" type="cond" truecount="2" falsecount="0"/>
        <line num="109" count="2" type="stmt"/>
        <line num="111" count="2" type="cond" truecount="2" falsecount="0"/>
        <line num="112" count="1" type="stmt"/>
        <line num="114" count="2" type="stmt"/>
        <line num="116" count="1" type="stmt"/>
        <line num="122" count="5" type="stmt"/>
        <line num="123" count="5" type="stmt"/>
        <line num="125" count="5" type="stmt"/>
        <line num="127" count="5" type="stmt"/>
        <line num="129" count="5" type="cond" truecount="2" falsecount="0"/>
        <line num="131" count="4" type="stmt"/>
        <line num="133" count="4" type="cond" truecount="2" falsecount="0"/>
        <line num="136" count="4" type="cond" truecount="2" falsecount="0"/>
        <line num="138" count="3" type="stmt"/>
        <line num="140" count="3" type="stmt"/>
        <line num="142" count="1" type="stmt"/>
        <line num="148" count="4" type="stmt"/>
        <line num="149" count="4" type="stmt"/>
        <line num="151" count="4" type="stmt"/>
        <line num="153" count="4" type="stmt"/>
        <line num="155" count="4" type="cond" truecount="2" falsecount="0"/>
        <line num="157" count="3" type="cond" truecount="2" falsecount="0"/>
        <line num="158" count="2" type="stmt"/>
        <line num="160" count="3" type="stmt"/>
        <line num="161" count="3" type="stmt"/>
        <line num="163" count="2" type="stmt"/>
        <line num="165" count="1" type="stmt"/>
        <line num="168" count="1" type="stmt"/>
        <line num="174" count="4" type="stmt"/>
        <line num="175" count="4" type="stmt"/>
        <line num="176" count="4" type="stmt"/>
        <line num="177" count="4" type="stmt"/>
        <line num="179" count="4" type="stmt"/>
        <line num="181" count="4" type="stmt"/>
        <line num="183" count="4" type="cond" truecount="2" falsecount="0"/>
        <line num="185" count="3" type="stmt"/>
        <line num="187" count="3" type="cond" truecount="2" falsecount="0"/>
        <line num="190" count="3" type="cond" truecount="2" falsecount="0"/>
        <line num="192" count="2" type="stmt"/>
        <line num="194" count="2" type="stmt"/>
        <line num="196" count="1" type="stmt"/>
        <line num="202" count="5" type="stmt"/>
        <line num="203" count="5" type="stmt"/>
        <line num="205" count="5" type="stmt"/>
        <line num="207" count="5" type="stmt"/>
        <line num="209" count="5" type="cond" truecount="2" falsecount="0"/>
        <line num="211" count="4" type="stmt"/>
        <line num="213" count="4" type="cond" truecount="2" falsecount="0"/>
        <line num="216" count="4" type="cond" truecount="2" falsecount="0"/>
        <line num="218" count="3" type="stmt"/>
        <line num="220" count="3" type="stmt"/>
        <line num="222" count="1" type="stmt"/>
        <line num="229" count="1" type="stmt"/>
      </file>
    </package>
    <package name="logic.game">
      <metrics statements="218" coveredstatements="218" conditionals="123" coveredconditionals="123" methods="28" coveredmethods="28"/>
      <file name="game.js" path="C:\Users\liknE\Documents\skylab\bootcamp\collab\skylab-bootcamp-201904\staff\francesc-destruels\breedingseason\breedingseasonback\logic\game\game.js">
        <metrics statements="218" coveredstatements="218" conditionals="123" coveredconditionals="123" methods="28" coveredmethods="28"/>
        <line num="2" count="2" type="stmt"/>
        <line num="3" count="2" type="stmt"/>
        <line num="5" count="2" type="stmt"/>
        <line num="6" count="2" type="stmt"/>
        <line num="9" count="169" type="stmt"/>
        <line num="10" count="163" type="stmt"/>
        <line num="11" count="157" type="stmt"/>
        <line num="13" count="141" type="cond" truecount="2" falsecount="0"/>
        <line num="16" count="139" type="stmt"/>
        <line num="18" count="139" type="stmt"/>
        <line num="19" count="139" type="stmt"/>
        <line num="20" count="139" type="stmt"/>
        <line num="21" count="139" type="stmt"/>
        <line num="22" count="139" type="stmt"/>
        <line num="23" count="139" type="stmt"/>
        <line num="24" count="139" type="cond" truecount="2" falsecount="0"/>
        <line num="25" count="139" type="stmt"/>
        <line num="26" count="139" type="stmt"/>
        <line num="27" count="139" type="stmt"/>
        <line num="28" count="139" type="stmt"/>
        <line num="29" count="139" type="stmt"/>
        <line num="30" count="139" type="stmt"/>
        <line num="31" count="139" type="stmt"/>
        <line num="32" count="139" type="stmt"/>
        <line num="35" count="2" type="stmt"/>
        <line num="37" count="47" type="cond" truecount="2" falsecount="0"/>
        <line num="43" count="46" type="stmt"/>
        <line num="45" count="46" type="stmt"/>
        <line num="47" count="138" type="stmt"/>
        <line num="49" count="138" type="stmt"/>
        <line num="51" count="138" type="stmt"/>
        <line num="58" count="46" type="stmt"/>
        <line num="60" count="25462" type="stmt"/>
        <line num="62" count="46" type="stmt"/>
        <line num="64" count="46" type="stmt"/>
        <line num="66" count="5198" type="cond" truecount="2" falsecount="0"/>
        <line num="67" count="5106" type="stmt"/>
        <line num="68" count="5106" type="stmt"/>
        <line num="69" count="92" type="stmt"/>
        <line num="72" count="46" type="stmt"/>
        <line num="74" count="46" type="stmt"/>
        <line num="81" count="2" type="stmt"/>
        <line num="82" count="50" type="stmt"/>
        <line num="84" count="76" type="stmt"/>
        <line num="85" count="44" type="cond" truecount="2" falsecount="0"/>
        <line num="87" count="43" type="cond" truecount="2" falsecount="0"/>
        <line num="88" count="1" type="stmt"/>
        <line num="90" count="42" type="stmt"/>
        <line num="97" count="2" type="stmt"/>
        <line num="98" count="62" type="stmt"/>
        <line num="100" count="56" type="cond" truecount="5" falsecount="0"/>
        <line num="101" count="14" type="stmt"/>
        <line num="102" count="14" type="stmt"/>
        <line num="105" count="42" type="cond" truecount="2" falsecount="0"/>
        <line num="108" count="94" type="stmt"/>
        <line num="110" count="41" type="cond" truecount="2" falsecount="0"/>
        <line num="112" count="40" type="stmt"/>
        <line num="114" count="40" type="cond" truecount="2" falsecount="0"/>
        <line num="115" count="115" type="stmt"/>
        <line num="117" count="37" type="cond" truecount="2" falsecount="0"/>
        <line num="118" count="12" type="stmt"/>
        <line num="119" count="12" type="stmt"/>
        <line num="122" count="25" type="stmt"/>
        <line num="126" count="3" type="stmt"/>
        <line num="129" count="1" type="stmt"/>
        <line num="136" count="2" type="stmt"/>
        <line num="137" count="66" type="stmt"/>
        <line num="139" count="60" type="cond" truecount="2" falsecount="0"/>
        <line num="141" count="59" type="stmt"/>
        <line num="143" count="59" type="stmt"/>
        <line num="185" count="59" type="stmt"/>
        <line num="187" count="59" type="cond" truecount="2" falsecount="0"/>
        <line num="188" count="1" type="stmt"/>
        <line num="190" count="58" type="stmt"/>
        <line num="197" count="2" type="stmt"/>
        <line num="198" count="17" type="stmt"/>
        <line num="199" count="17" type="stmt"/>
        <line num="215" count="17" type="stmt"/>
        <line num="220" count="17" type="stmt"/>
        <line num="222" count="17" type="stmt"/>
        <line num="224" count="17" type="cond" truecount="2" falsecount="0"/>
        <line num="225" count="16" type="stmt"/>
        <line num="227" count="16" type="stmt"/>
        <line num="229" count="16" type="cond" truecount="2" falsecount="0"/>
        <line num="230" count="16" type="cond" truecount="2" falsecount="0"/>
        <line num="231" count="16" type="cond" truecount="2" falsecount="0"/>
        <line num="232" count="16" type="cond" truecount="2" falsecount="0"/>
        <line num="234" count="16" type="stmt"/>
        <line num="237" count="16" type="cond" truecount="2" falsecount="0"/>
        <line num="238" count="2" type="stmt"/>
        <line num="240" count="2" type="cond" truecount="2" falsecount="0"/>
        <line num="244" count="14" type="stmt"/>
        <line num="247" count="14" type="stmt"/>
        <line num="249" count="14" type="stmt"/>
        <line num="250" count="58" type="stmt"/>
        <line num="252" count="42" type="cond" truecount="2" falsecount="0"/>
        <line num="254" count="42" type="cond" truecount="4" falsecount="0"/>
        <line num="259" count="14" type="stmt"/>
        <line num="261" count="14" type="stmt"/>
        <line num="262" count="56" type="cond" truecount="2" falsecount="0"/>
        <line num="263" count="6" type="stmt"/>
        <line num="265" count="6" type="stmt"/>
        <line num="267" count="6" type="cond" truecount="2" falsecount="0"/>
        <line num="269" count="3" type="cond" truecount="2" falsecount="0"/>
        <line num="270" count="2" type="stmt"/>
        <line num="271" count="2" type="stmt"/>
        <line num="273" count="1" type="stmt"/>
        <line num="274" count="3" type="stmt"/>
        <line num="275" count="50" type="stmt"/>
        <line num="278" count="14" type="cond" truecount="2" falsecount="0"/>
        <line num="281" count="16" type="cond" truecount="6" falsecount="0"/>
        <line num="283" count="3" type="stmt"/>
        <line num="284" count="3" type="stmt"/>
        <line num="286" count="7" type="stmt"/>
        <line num="287" count="7" type="stmt"/>
        <line num="289" count="1" type="stmt"/>
        <line num="290" count="1" type="stmt"/>
        <line num="293" count="2" type="cond" truecount="6" falsecount="0"/>
        <line num="294" count="1" type="stmt"/>
        <line num="295" count="1" type="stmt"/>
        <line num="297" count="2" type="stmt"/>
        <line num="300" count="1" type="stmt"/>
        <line num="302" count="16" type="stmt"/>
        <line num="304" count="15" type="stmt"/>
        <line num="306" count="18" type="stmt"/>
        <line num="308" count="15" type="cond" truecount="4" falsecount="0"/>
        <line num="309" count="12" type="cond" truecount="2" falsecount="0"/>
        <line num="310" count="27" type="cond" truecount="4" falsecount="0"/>
        <line num="312" count="9" type="stmt"/>
        <line num="313" count="9" type="stmt"/>
        <line num="315" count="9" type="cond" truecount="2" falsecount="0"/>
        <line num="316" count="2" type="stmt"/>
        <line num="318" count="3" type="stmt"/>
        <line num="325" count="2" type="stmt"/>
        <line num="326" count="18" type="stmt"/>
        <line num="328" count="12" type="cond" truecount="2" falsecount="0"/>
        <line num="330" count="12" type="stmt"/>
        <line num="332" count="11" type="stmt"/>
        <line num="333" count="11" type="cond" truecount="2" falsecount="0"/>
        <line num="336" count="11" type="cond" truecount="2" falsecount="0"/>
        <line num="338" count="10" type="stmt"/>
        <line num="340" count="10" type="stmt"/>
        <line num="341" count="30" type="stmt"/>
        <line num="343" count="10" type="stmt"/>
        <line num="345" count="10" type="stmt"/>
        <line num="352" count="2" type="stmt"/>
        <line num="354" count="9" type="cond" truecount="2" falsecount="0"/>
        <line num="355" count="8" type="cond" truecount="2" falsecount="0"/>
        <line num="356" count="6" type="cond" truecount="2" falsecount="0"/>
        <line num="357" count="5" type="cond" truecount="2" falsecount="0"/>
        <line num="358" count="3" type="cond" truecount="2" falsecount="0"/>
        <line num="359" count="1" type="stmt"/>
        <line num="366" count="2" type="stmt"/>
        <line num="368" count="2" type="stmt"/>
        <line num="371" count="12" type="cond" truecount="2" falsecount="0"/>
        <line num="372" count="6" type="cond" truecount="2" falsecount="0"/>
        <line num="373" count="4" type="stmt"/>
        <line num="375" count="12" type="stmt"/>
        <line num="378" count="2" type="stmt"/>
        <line num="380" count="2" type="stmt"/>
        <line num="382" count="2" type="stmt"/>
        <line num="383" count="12" type="cond" truecount="4" falsecount="0"/>
        <line num="384" count="10" type="stmt"/>
        <line num="387" count="2" type="stmt"/>
        <line num="396" count="2" type="stmt"/>
        <line num="397" count="10" type="cond" truecount="2" falsecount="0"/>
        <line num="399" count="9" type="stmt"/>
        <line num="401" count="9" type="stmt"/>
        <line num="402" count="9" type="stmt"/>
        <line num="403" count="9" type="stmt"/>
        <line num="405" count="9" type="stmt"/>
        <line num="406" count="9" type="stmt"/>
        <line num="407" count="9" type="stmt"/>
        <line num="409" count="9" type="stmt"/>
        <line num="411" count="26" type="stmt"/>
        <line num="413" count="26" type="stmt"/>
        <line num="427" count="26" type="cond" truecount="2" falsecount="0"/>
        <line num="428" count="4" type="stmt"/>
        <line num="429" count="4" type="stmt"/>
        <line num="430" count="4" type="stmt"/>
        <line num="431" count="4" type="stmt"/>
        <line num="432" count="4" type="stmt"/>
        <line num="433" count="4" type="stmt"/>
        <line num="434" count="4" type="stmt"/>
        <line num="436" count="22" type="cond" truecount="2" falsecount="0"/>
        <line num="437" count="6" type="stmt"/>
        <line num="439" count="16" type="cond" truecount="2" falsecount="0"/>
        <line num="440" count="4" type="stmt"/>
        <line num="441" count="4" type="stmt"/>
        <line num="442" count="4" type="stmt"/>
        <line num="443" count="4" type="stmt"/>
        <line num="444" count="4" type="stmt"/>
        <line num="446" count="12" type="cond" truecount="2" falsecount="0"/>
        <line num="447" count="3" type="stmt"/>
        <line num="449" count="9" type="cond" truecount="2" falsecount="0"/>
        <line num="450" count="3" type="stmt"/>
        <line num="451" count="3" type="stmt"/>
        <line num="452" count="3" type="stmt"/>
        <line num="454" count="6" type="cond" truecount="2" falsecount="0"/>
        <line num="455" count="3" type="stmt"/>
        <line num="457" count="3" type="stmt"/>
        <line num="461" count="10" type="stmt"/>
        <line num="462" count="9" type="stmt"/>
        <line num="463" count="9" type="stmt"/>
        <line num="465" count="9" type="cond" truecount="2" falsecount="0"/>
        <line num="466" count="4" type="stmt"/>
        <line num="481" count="4" type="stmt"/>
        <line num="483" count="4" type="stmt"/>
        <line num="485" count="4" type="stmt"/>
        <line num="487" count="4" type="stmt"/>
        <line num="489" count="4" type="stmt"/>
        <line num="508" count="4" type="stmt"/>
        <line num="510" count="4" type="stmt"/>
        <line num="512" count="4" type="stmt"/>
        <line num="514" count="4" type="stmt"/>
        <line num="516" count="4" type="stmt"/>
        <line num="518" count="5" type="stmt"/>
        <line num="522" count="2" type="stmt"/>
      </file>
    </package>
  </project>
</coverage>
