{"C:\\Users\\liknE\\Documents\\skylab\\bootcamp\\collab\\skylab-bootcamp-201904\\staff\\francesc-destruels\\breedingseason\\breedingseasonback\\common\\errors\\index.js": {"path":"C:\\Users\\liknE\\Documents\\skylab\\bootcamp\\collab\\skylab-bootcamp-201904\\staff\\francesc-destruels\\breedingseason\\breedingseasonback\\common\\errors\\index.js","statementMap":{"0":{"start":{"line":5,"column":8},"end":{"line":5,"column":22}},"1":{"start":{"line":11,"column":8},"end":{"line":11,"column":22}},"2":{"start":{"line":17,"column":8},"end":{"line":17,"column":22}},"3":{"start":{"line":23,"column":8},"end":{"line":23,"column":22}},"4":{"start":{"line":29,"column":8},"end":{"line":29,"column":22}},"5":{"start":{"line":35,"column":8},"end":{"line":35,"column":22}},"6":{"start":{"line":39,"column":0},"end":{"line":46,"column":1}}},"fnMap":{"0":{"name":"(anonymous_0)","decl":{"start":{"line":4,"column":4},"end":{"line":4,"column":5}},"loc":{"start":{"line":4,"column":25},"end":{"line":6,"column":5}},"line":4},"1":{"name":"(anonymous_1)","decl":{"start":{"line":10,"column":4},"end":{"line":10,"column":5}},"loc":{"start":{"line":10,"column":25},"end":{"line":12,"column":5}},"line":10},"2":{"name":"(anonymous_2)","decl":{"start":{"line":16,"column":4},"end":{"line":16,"column":5}},"loc":{"start":{"line":16,"column":25},"end":{"line":18,"column":5}},"line":16},"3":{"name":"(anonymous_3)","decl":{"start":{"line":22,"column":4},"end":{"line":22,"column":5}},"loc":{"start":{"line":22,"column":25},"end":{"line":24,"column":5}},"line":22},"4":{"name":"(anonymous_4)","decl":{"start":{"line":28,"column":4},"end":{"line":28,"column":5}},"loc":{"start":{"line":28,"column":25},"end":{"line":30,"column":5}},"line":28},"5":{"name":"(anonymous_5)","decl":{"start":{"line":34,"column":4},"end":{"line":34,"column":5}},"loc":{"start":{"line":34,"column":25},"end":{"line":36,"column":5}},"line":34}},"branchMap":{},"s":{"0":0,"1":0,"2":0,"3":0,"4":0,"5":11,"6":1},"f":{"0":0,"1":0,"2":0,"3":0,"4":0,"5":11},"b":{},"_coverageSchema":"43e27e138ebf9cfc5966b082cf9a028302ed4184","hash":"67dda085d26b5427c39e7f3da49e88060b036988"}
,"C:\\Users\\liknE\\Documents\\skylab\\bootcamp\\collab\\skylab-bootcamp-201904\\staff\\francesc-destruels\\breedingseason\\breedingseasonback\\common\\utils\\array-random.polyfill.js": {"path":"C:\\Users\\liknE\\Documents\\skylab\\bootcamp\\collab\\skylab-bootcamp-201904\\staff\\francesc-destruels\\breedingseason\\breedingseasonback\\common\\utils\\array-random.polyfill.js","statementMap":{"0":{"start":{"line":1,"column":0},"end":{"line":1,"column":33}},"1":{"start":{"line":3,"column":0},"end":{"line":5,"column":1}},"2":{"start":{"line":4,"column":4},"end":{"line":4,"column":45}}},"fnMap":{"0":{"name":"(anonymous_0)","decl":{"start":{"line":3,"column":25},"end":{"line":3,"column":26}},"loc":{"start":{"line":3,"column":37},"end":{"line":5,"column":1}},"line":3}},"branchMap":{},"s":{"0":1,"1":1,"2":2858},"f":{"0":2858},"b":{},"_coverageSchema":"43e27e138ebf9cfc5966b082cf9a028302ed4184","hash":"63e8890c42ae4e31432d3a7573ffb11357cc83e9"}
,"C:\\Users\\liknE\\Documents\\skylab\\bootcamp\\collab\\skylab-bootcamp-201904\\staff\\francesc-destruels\\breedingseason\\breedingseasonback\\common\\utils\\math-random.polyfill.js": {"path":"C:\\Users\\liknE\\Documents\\skylab\\bootcamp\\collab\\skylab-bootcamp-201904\\staff\\francesc-destruels\\breedingseason\\breedingseasonback\\common\\utils\\math-random.polyfill.js","statementMap":{"0":{"start":{"line":1,"column":15},"end":{"line":1,"column":26}},"1":{"start":{"line":3,"column":0},"end":{"line":9,"column":1}},"2":{"start":{"line":4,"column":4},"end":{"line":8,"column":86}},"3":{"start":{"line":4,"column":27},"end":{"line":4,"column":42}},"4":{"start":{"line":5,"column":9},"end":{"line":8,"column":86}},"5":{"start":{"line":6,"column":8},"end":{"line":6,"column":56}},"6":{"start":{"line":7,"column":9},"end":{"line":8,"column":86}},"7":{"start":{"line":8,"column":8},"end":{"line":8,"column":86}}},"fnMap":{"0":{"name":"(anonymous_0)","decl":{"start":{"line":3,"column":14},"end":{"line":3,"column":15}},"loc":{"start":{"line":3,"column":25},"end":{"line":9,"column":1}},"line":3}},"branchMap":{"0":{"loc":{"start":{"line":4,"column":4},"end":{"line":8,"column":86}},"type":"if","locations":[{"start":{"line":4,"column":4},"end":{"line":8,"column":86}},{"start":{"line":4,"column":4},"end":{"line":8,"column":86}}],"line":4},"1":{"loc":{"start":{"line":5,"column":9},"end":{"line":8,"column":86}},"type":"if","locations":[{"start":{"line":5,"column":9},"end":{"line":8,"column":86}},{"start":{"line":5,"column":9},"end":{"line":8,"column":86}}],"line":5},"2":{"loc":{"start":{"line":7,"column":9},"end":{"line":8,"column":86}},"type":"if","locations":[{"start":{"line":7,"column":9},"end":{"line":8,"column":86}},{"start":{"line":7,"column":9},"end":{"line":8,"column":86}}],"line":7}},"s":{"0":1,"1":1,"2":29601,"3":26710,"4":2891,"5":2891,"6":0,"7":0},"f":{"0":29601},"b":{"0":[26710,2891],"1":[2891,0],"2":[0,0]},"_coverageSchema":"43e27e138ebf9cfc5966b082cf9a028302ed4184","hash":"7331be95b7d36bcf3d83d6e6d670effe0277b1a7"}
,"C:\\Users\\liknE\\Documents\\skylab\\bootcamp\\collab\\skylab-bootcamp-201904\\staff\\francesc-destruels\\breedingseason\\breedingseasonback\\logic\\index.js": {"path":"C:\\Users\\liknE\\Documents\\skylab\\bootcamp\\collab\\skylab-bootcamp-201904\\staff\\francesc-destruels\\breedingseason\\breedingseasonback\\logic\\index.js","statementMap":{"0":{"start":{"line":1,"column":23},"end":{"line":1,"column":50}},"1":{"start":{"line":2,"column":21},"end":{"line":2,"column":39}},"2":{"start":{"line":3,"column":54},"end":{"line":3,"column":76}},"3":{"start":{"line":4,"column":11},"end":{"line":4,"column":24}},"4":{"start":{"line":5,"column":15},"end":{"line":5,"column":32}},"5":{"start":{"line":6,"column":11},"end":{"line":6,"column":164}},"6":{"start":{"line":7,"column":36},"end":{"line":7,"column":43}},"7":{"start":{"line":8,"column":41},"end":{"line":8,"column":71}},"8":{"start":{"line":10,"column":14},"end":{"line":227,"column":1}},"9":{"start":{"line":13,"column":8},"end":{"line":13,"column":41}},"10":{"start":{"line":14,"column":8},"end":{"line":14,"column":42}},"11":{"start":{"line":14,"column":34},"end":{"line":14,"column":40}},"12":{"start":{"line":15,"column":8},"end":{"line":15,"column":56}},"13":{"start":{"line":15,"column":36},"end":{"line":15,"column":54}},"14":{"start":{"line":16,"column":8},"end":{"line":16,"column":41}},"15":{"start":{"line":18,"column":8},"end":{"line":25,"column":12}},"16":{"start":{"line":19,"column":28},"end":{"line":19,"column":57}},"17":{"start":{"line":20,"column":29},"end":{"line":20,"column":61}},"18":{"start":{"line":22,"column":12},"end":{"line":24,"column":76}},"19":{"start":{"line":22,"column":39},"end":{"line":22,"column":121}},"20":{"start":{"line":23,"column":17},"end":{"line":24,"column":76}},"21":{"start":{"line":23,"column":30},"end":{"line":23,"column":86}},"22":{"start":{"line":24,"column":17},"end":{"line":24,"column":76}},"23":{"start":{"line":29,"column":8},"end":{"line":29,"column":47}},"24":{"start":{"line":30,"column":8},"end":{"line":30,"column":41}},"25":{"start":{"line":32,"column":8},"end":{"line":51,"column":12}},"26":{"start":{"line":33,"column":23},"end":{"line":33,"column":25}},"27":{"start":{"line":35,"column":12},"end":{"line":50,"column":13}},"28":{"start":{"line":36,"column":16},"end":{"line":36,"column":68}},"29":{"start":{"line":38,"column":16},"end":{"line":41,"column":78}},"30":{"start":{"line":39,"column":40},"end":{"line":39,"column":44}},"31":{"start":{"line":40,"column":20},"end":{"line":40,"column":29}},"32":{"start":{"line":41,"column":23},"end":{"line":41,"column":78}},"33":{"start":{"line":44,"column":16},"end":{"line":44,"column":71}},"34":{"start":{"line":46,"column":16},"end":{"line":49,"column":81}},"35":{"start":{"line":47,"column":40},"end":{"line":47,"column":44}},"36":{"start":{"line":48,"column":20},"end":{"line":48,"column":29}},"37":{"start":{"line":49,"column":23},"end":{"line":49,"column":81}},"38":{"start":{"line":55,"column":8},"end":{"line":55,"column":35}},"39":{"start":{"line":57,"column":8},"end":{"line":69,"column":12}},"40":{"start":{"line":59,"column":29},"end":{"line":59,"column":62}},"41":{"start":{"line":61,"column":12},"end":{"line":67,"column":62}},"42":{"start":{"line":62,"column":57},"end":{"line":62,"column":65}},"43":{"start":{"line":64,"column":29},"end":{"line":64,"column":61}},"44":{"start":{"line":66,"column":16},"end":{"line":66,"column":27}},"45":{"start":{"line":67,"column":19},"end":{"line":67,"column":62}},"46":{"start":{"line":73,"column":8},"end":{"line":73,"column":35}},"47":{"start":{"line":75,"column":8},"end":{"line":91,"column":12}},"48":{"start":{"line":77,"column":29},"end":{"line":77,"column":133}},"49":{"start":{"line":79,"column":12},"end":{"line":89,"column":62}},"50":{"start":{"line":80,"column":40},"end":{"line":80,"column":48}},"51":{"start":{"line":82,"column":38},"end":{"line":82,"column":40}},"52":{"start":{"line":84,"column":16},"end":{"line":86,"column":41}},"53":{"start":{"line":85,"column":20},"end":{"line":85,"column":84}},"54":{"start":{"line":85,"column":33},"end":{"line":85,"column":34}},"55":{"start":{"line":85,"column":48},"end":{"line":85,"column":84}},"56":{"start":{"line":86,"column":23},"end":{"line":86,"column":41}},"57":{"start":{"line":88,"column":16},"end":{"line":88,"column":38}},"58":{"start":{"line":89,"column":19},"end":{"line":89,"column":62}},"59":{"start":{"line":95,"column":8},"end":{"line":95,"column":35}},"60":{"start":{"line":96,"column":8},"end":{"line":96,"column":39}},"61":{"start":{"line":97,"column":8},"end":{"line":100,"column":11}},"62":{"start":{"line":101,"column":8},"end":{"line":101,"column":35}},"63":{"start":{"line":103,"column":8},"end":{"line":118,"column":12}},"64":{"start":{"line":105,"column":29},"end":{"line":105,"column":62}},"65":{"start":{"line":107,"column":12},"end":{"line":116,"column":62}},"66":{"start":{"line":109,"column":29},"end":{"line":109,"column":56}},"67":{"start":{"line":111,"column":16},"end":{"line":112,"column":48}},"68":{"start":{"line":111,"column":33},"end":{"line":111,"column":61}},"69":{"start":{"line":112,"column":21},"end":{"line":112,"column":48}},"70":{"start":{"line":114,"column":16},"end":{"line":114,"column":29}},"71":{"start":{"line":116,"column":19},"end":{"line":116,"column":62}},"72":{"start":{"line":122,"column":8},"end":{"line":122,"column":35}},"73":{"start":{"line":123,"column":8},"end":{"line":123,"column":39}},"74":{"start":{"line":125,"column":8},"end":{"line":144,"column":12}},"75":{"start":{"line":127,"column":29},"end":{"line":127,"column":62}},"76":{"start":{"line":129,"column":12},"end":{"line":142,"column":62}},"77":{"start":{"line":131,"column":30},"end":{"line":131,"column":80}},"78":{"start":{"line":131,"column":61},"end":{"line":131,"column":79}},"79":{"start":{"line":133,"column":16},"end":{"line":134,"column":24}},"80":{"start":{"line":133,"column":30},"end":{"line":133,"column":89}},"81":{"start":{"line":133,"column":70},"end":{"line":133,"column":88}},"82":{"start":{"line":136,"column":16},"end":{"line":136,"column":83}},"83":{"start":{"line":136,"column":30},"end":{"line":136,"column":83}},"84":{"start":{"line":138,"column":39},"end":{"line":138,"column":70}},"85":{"start":{"line":140,"column":16},"end":{"line":140,"column":37}},"86":{"start":{"line":142,"column":19},"end":{"line":142,"column":62}},"87":{"start":{"line":148,"column":8},"end":{"line":148,"column":35}},"88":{"start":{"line":149,"column":8},"end":{"line":149,"column":29}},"89":{"start":{"line":151,"column":8},"end":{"line":170,"column":12}},"90":{"start":{"line":153,"column":29},"end":{"line":153,"column":62}},"91":{"start":{"line":155,"column":12},"end":{"line":168,"column":62}},"92":{"start":{"line":157,"column":16},"end":{"line":158,"column":98}},"93":{"start":{"line":157,"column":44},"end":{"line":157,"column":104}},"94":{"start":{"line":157,"column":85},"end":{"line":157,"column":103}},"95":{"start":{"line":158,"column":21},"end":{"line":158,"column":98}},"96":{"start":{"line":158,"column":61},"end":{"line":158,"column":97}},"97":{"start":{"line":160,"column":16},"end":{"line":166,"column":17}},"98":{"start":{"line":161,"column":33},"end":{"line":161,"column":60}},"99":{"start":{"line":163,"column":20},"end":{"line":163,"column":33}},"100":{"start":{"line":165,"column":20},"end":{"line":165,"column":38}},"101":{"start":{"line":168,"column":19},"end":{"line":168,"column":62}},"102":{"start":{"line":174,"column":8},"end":{"line":174,"column":35}},"103":{"start":{"line":175,"column":8},"end":{"line":175,"column":39}},"104":{"start":{"line":176,"column":8},"end":{"line":176,"column":29}},"105":{"start":{"line":177,"column":8},"end":{"line":177,"column":36}},"106":{"start":{"line":179,"column":8},"end":{"line":198,"column":12}},"107":{"start":{"line":181,"column":29},"end":{"line":181,"column":62}},"108":{"start":{"line":183,"column":12},"end":{"line":196,"column":62}},"109":{"start":{"line":185,"column":30},"end":{"line":185,"column":80}},"110":{"start":{"line":185,"column":61},"end":{"line":185,"column":79}},"111":{"start":{"line":187,"column":16},"end":{"line":188,"column":24}},"112":{"start":{"line":187,"column":30},"end":{"line":187,"column":89}},"113":{"start":{"line":187,"column":70},"end":{"line":187,"column":88}},"114":{"start":{"line":190,"column":16},"end":{"line":190,"column":83}},"115":{"start":{"line":190,"column":30},"end":{"line":190,"column":83}},"116":{"start":{"line":192,"column":33},"end":{"line":192,"column":86}},"117":{"start":{"line":194,"column":16},"end":{"line":194,"column":31}},"118":{"start":{"line":196,"column":19},"end":{"line":196,"column":62}},"119":{"start":{"line":202,"column":8},"end":{"line":202,"column":35}},"120":{"start":{"line":203,"column":8},"end":{"line":203,"column":39}},"121":{"start":{"line":205,"column":8},"end":{"line":224,"column":12}},"122":{"start":{"line":207,"column":29},"end":{"line":207,"column":62}},"123":{"start":{"line":209,"column":12},"end":{"line":222,"column":62}},"124":{"start":{"line":211,"column":30},"end":{"line":211,"column":80}},"125":{"start":{"line":211,"column":61},"end":{"line":211,"column":79}},"126":{"start":{"line":213,"column":16},"end":{"line":214,"column":24}},"127":{"start":{"line":213,"column":30},"end":{"line":213,"column":89}},"128":{"start":{"line":213,"column":70},"end":{"line":213,"column":88}},"129":{"start":{"line":216,"column":16},"end":{"line":216,"column":83}},"130":{"start":{"line":216,"column":30},"end":{"line":216,"column":83}},"131":{"start":{"line":218,"column":33},"end":{"line":218,"column":57}},"132":{"start":{"line":220,"column":16},"end":{"line":220,"column":31}},"133":{"start":{"line":222,"column":19},"end":{"line":222,"column":62}},"134":{"start":{"line":229,"column":0},"end":{"line":229,"column":22}}},"fnMap":{"0":{"name":"(anonymous_0)","decl":{"start":{"line":11,"column":4},"end":{"line":11,"column":5}},"loc":{"start":{"line":11,"column":49},"end":{"line":26,"column":5}},"line":11},"1":{"name":"(anonymous_1)","decl":{"start":{"line":14,"column":29},"end":{"line":14,"column":30}},"loc":{"start":{"line":14,"column":34},"end":{"line":14,"column":40}},"line":14},"2":{"name":"(anonymous_2)","decl":{"start":{"line":15,"column":31},"end":{"line":15,"column":32}},"loc":{"start":{"line":15,"column":36},"end":{"line":15,"column":54}},"line":15},"3":{"name":"(anonymous_3)","decl":{"start":{"line":18,"column":16},"end":{"line":18,"column":17}},"loc":{"start":{"line":18,"column":28},"end":{"line":25,"column":9}},"line":18},"4":{"name":"(anonymous_4)","decl":{"start":{"line":28,"column":4},"end":{"line":28,"column":5}},"loc":{"start":{"line":28,"column":47},"end":{"line":52,"column":5}},"line":28},"5":{"name":"(anonymous_5)","decl":{"start":{"line":32,"column":16},"end":{"line":32,"column":17}},"loc":{"start":{"line":32,"column":28},"end":{"line":51,"column":9}},"line":32},"6":{"name":"(anonymous_6)","decl":{"start":{"line":54,"column":4},"end":{"line":54,"column":5}},"loc":{"start":{"line":54,"column":21},"end":{"line":70,"column":5}},"line":54},"7":{"name":"(anonymous_7)","decl":{"start":{"line":57,"column":16},"end":{"line":57,"column":17}},"loc":{"start":{"line":57,"column":28},"end":{"line":69,"column":9}},"line":57},"8":{"name":"(anonymous_8)","decl":{"start":{"line":72,"column":4},"end":{"line":72,"column":5}},"loc":{"start":{"line":72,"column":29},"end":{"line":92,"column":5}},"line":72},"9":{"name":"(anonymous_9)","decl":{"start":{"line":75,"column":16},"end":{"line":75,"column":17}},"loc":{"start":{"line":75,"column":28},"end":{"line":91,"column":9}},"line":75},"10":{"name":"(anonymous_10)","decl":{"start":{"line":94,"column":4},"end":{"line":94,"column":5}},"loc":{"start":{"line":94,"column":44},"end":{"line":119,"column":5}},"line":94},"11":{"name":"(anonymous_11)","decl":{"start":{"line":103,"column":16},"end":{"line":103,"column":17}},"loc":{"start":{"line":103,"column":28},"end":{"line":118,"column":9}},"line":103},"12":{"name":"(anonymous_12)","decl":{"start":{"line":121,"column":4},"end":{"line":121,"column":5}},"loc":{"start":{"line":121,"column":26},"end":{"line":145,"column":5}},"line":121},"13":{"name":"(anonymous_13)","decl":{"start":{"line":125,"column":16},"end":{"line":125,"column":17}},"loc":{"start":{"line":125,"column":28},"end":{"line":144,"column":9}},"line":125},"14":{"name":"(anonymous_14)","decl":{"start":{"line":131,"column":53},"end":{"line":131,"column":54}},"loc":{"start":{"line":131,"column":61},"end":{"line":131,"column":79}},"line":131},"15":{"name":"(anonymous_15)","decl":{"start":{"line":133,"column":62},"end":{"line":133,"column":63}},"loc":{"start":{"line":133,"column":70},"end":{"line":133,"column":88}},"line":133},"16":{"name":"(anonymous_16)","decl":{"start":{"line":147,"column":4},"end":{"line":147,"column":5}},"loc":{"start":{"line":147,"column":25},"end":{"line":171,"column":5}},"line":147},"17":{"name":"(anonymous_17)","decl":{"start":{"line":151,"column":16},"end":{"line":151,"column":17}},"loc":{"start":{"line":151,"column":28},"end":{"line":170,"column":9}},"line":151},"18":{"name":"(anonymous_18)","decl":{"start":{"line":157,"column":77},"end":{"line":157,"column":78}},"loc":{"start":{"line":157,"column":85},"end":{"line":157,"column":103}},"line":157},"19":{"name":"(anonymous_19)","decl":{"start":{"line":158,"column":53},"end":{"line":158,"column":54}},"loc":{"start":{"line":158,"column":61},"end":{"line":158,"column":97}},"line":158},"20":{"name":"(anonymous_20)","decl":{"start":{"line":173,"column":4},"end":{"line":173,"column":5}},"loc":{"start":{"line":173,"column":52},"end":{"line":199,"column":5}},"line":173},"21":{"name":"(anonymous_21)","decl":{"start":{"line":179,"column":16},"end":{"line":179,"column":17}},"loc":{"start":{"line":179,"column":28},"end":{"line":198,"column":9}},"line":179},"22":{"name":"(anonymous_22)","decl":{"start":{"line":185,"column":53},"end":{"line":185,"column":54}},"loc":{"start":{"line":185,"column":61},"end":{"line":185,"column":79}},"line":185},"23":{"name":"(anonymous_23)","decl":{"start":{"line":187,"column":62},"end":{"line":187,"column":63}},"loc":{"start":{"line":187,"column":70},"end":{"line":187,"column":88}},"line":187},"24":{"name":"(anonymous_24)","decl":{"start":{"line":201,"column":4},"end":{"line":201,"column":5}},"loc":{"start":{"line":201,"column":27},"end":{"line":225,"column":5}},"line":201},"25":{"name":"(anonymous_25)","decl":{"start":{"line":205,"column":16},"end":{"line":205,"column":17}},"loc":{"start":{"line":205,"column":28},"end":{"line":224,"column":9}},"line":205},"26":{"name":"(anonymous_26)","decl":{"start":{"line":211,"column":53},"end":{"line":211,"column":54}},"loc":{"start":{"line":211,"column":61},"end":{"line":211,"column":79}},"line":211},"27":{"name":"(anonymous_27)","decl":{"start":{"line":213,"column":62},"end":{"line":213,"column":63}},"loc":{"start":{"line":213,"column":70},"end":{"line":213,"column":88}},"line":213}},"branchMap":{"0":{"loc":{"start":{"line":22,"column":12},"end":{"line":24,"column":76}},"type":"if","locations":[{"start":{"line":22,"column":12},"end":{"line":24,"column":76}},{"start":{"line":22,"column":12},"end":{"line":24,"column":76}}],"line":22},"1":{"loc":{"start":{"line":22,"column":16},"end":{"line":22,"column":37}},"type":"binary-expr","locations":[{"start":{"line":22,"column":16},"end":{"line":22,"column":24}},{"start":{"line":22,"column":28},"end":{"line":22,"column":37}}],"line":22},"2":{"loc":{"start":{"line":23,"column":17},"end":{"line":24,"column":76}},"type":"if","locations":[{"start":{"line":23,"column":17},"end":{"line":24,"column":76}},{"start":{"line":23,"column":17},"end":{"line":24,"column":76}}],"line":23},"3":{"loc":{"start":{"line":35,"column":12},"end":{"line":50,"column":13}},"type":"if","locations":[{"start":{"line":35,"column":12},"end":{"line":50,"column":13}},{"start":{"line":35,"column":12},"end":{"line":50,"column":13}}],"line":35},"4":{"loc":{"start":{"line":38,"column":16},"end":{"line":41,"column":78}},"type":"if","locations":[{"start":{"line":38,"column":16},"end":{"line":41,"column":78}},{"start":{"line":38,"column":16},"end":{"line":41,"column":78}}],"line":38},"5":{"loc":{"start":{"line":38,"column":20},"end":{"line":38,"column":67}},"type":"binary-expr","locations":[{"start":{"line":38,"column":20},"end":{"line":38,"column":24}},{"start":{"line":38,"column":28},"end":{"line":38,"column":67}}],"line":38},"6":{"loc":{"start":{"line":46,"column":16},"end":{"line":49,"column":81}},"type":"if","locations":[{"start":{"line":46,"column":16},"end":{"line":49,"column":81}},{"start":{"line":46,"column":16},"end":{"line":49,"column":81}}],"line":46},"7":{"loc":{"start":{"line":46,"column":20},"end":{"line":46,"column":67}},"type":"binary-expr","locations":[{"start":{"line":46,"column":20},"end":{"line":46,"column":24}},{"start":{"line":46,"column":28},"end":{"line":46,"column":67}}],"line":46},"8":{"loc":{"start":{"line":61,"column":12},"end":{"line":67,"column":62}},"type":"if","locations":[{"start":{"line":61,"column":12},"end":{"line":67,"column":62}},{"start":{"line":61,"column":12},"end":{"line":67,"column":62}}],"line":61},"9":{"loc":{"start":{"line":79,"column":12},"end":{"line":89,"column":62}},"type":"if","locations":[{"start":{"line":79,"column":12},"end":{"line":89,"column":62}},{"start":{"line":79,"column":12},"end":{"line":89,"column":62}}],"line":79},"10":{"loc":{"start":{"line":84,"column":16},"end":{"line":86,"column":41}},"type":"if","locations":[{"start":{"line":84,"column":16},"end":{"line":86,"column":41}},{"start":{"line":84,"column":16},"end":{"line":86,"column":41}}],"line":84},"11":{"loc":{"start":{"line":107,"column":12},"end":{"line":116,"column":62}},"type":"if","locations":[{"start":{"line":107,"column":12},"end":{"line":116,"column":62}},{"start":{"line":107,"column":12},"end":{"line":116,"column":62}}],"line":107},"12":{"loc":{"start":{"line":111,"column":16},"end":{"line":112,"column":48}},"type":"if","locations":[{"start":{"line":111,"column":16},"end":{"line":112,"column":48}},{"start":{"line":111,"column":16},"end":{"line":112,"column":48}}],"line":111},"13":{"loc":{"start":{"line":129,"column":12},"end":{"line":142,"column":62}},"type":"if","locations":[{"start":{"line":129,"column":12},"end":{"line":142,"column":62}},{"start":{"line":129,"column":12},"end":{"line":142,"column":62}}],"line":129},"14":{"loc":{"start":{"line":133,"column":16},"end":{"line":134,"column":24}},"type":"if","locations":[{"start":{"line":133,"column":16},"end":{"line":134,"column":24}},{"start":{"line":133,"column":16},"end":{"line":134,"column":24}}],"line":133},"15":{"loc":{"start":{"line":136,"column":16},"end":{"line":136,"column":83}},"type":"if","locations":[{"start":{"line":136,"column":16},"end":{"line":136,"column":83}},{"start":{"line":136,"column":16},"end":{"line":136,"column":83}}],"line":136},"16":{"loc":{"start":{"line":155,"column":12},"end":{"line":168,"column":62}},"type":"if","locations":[{"start":{"line":155,"column":12},"end":{"line":168,"column":62}},{"start":{"line":155,"column":12},"end":{"line":168,"column":62}}],"line":155},"17":{"loc":{"start":{"line":157,"column":16},"end":{"line":158,"column":98}},"type":"if","locations":[{"start":{"line":157,"column":16},"end":{"line":158,"column":98}},{"start":{"line":157,"column":16},"end":{"line":158,"column":98}}],"line":157},"18":{"loc":{"start":{"line":183,"column":12},"end":{"line":196,"column":62}},"type":"if","locations":[{"start":{"line":183,"column":12},"end":{"line":196,"column":62}},{"start":{"line":183,"column":12},"end":{"line":196,"column":62}}],"line":183},"19":{"loc":{"start":{"line":187,"column":16},"end":{"line":188,"column":24}},"type":"if","locations":[{"start":{"line":187,"column":16},"end":{"line":188,"column":24}},{"start":{"line":187,"column":16},"end":{"line":188,"column":24}}],"line":187},"20":{"loc":{"start":{"line":190,"column":16},"end":{"line":190,"column":83}},"type":"if","locations":[{"start":{"line":190,"column":16},"end":{"line":190,"column":83}},{"start":{"line":190,"column":16},"end":{"line":190,"column":83}}],"line":190},"21":{"loc":{"start":{"line":209,"column":12},"end":{"line":222,"column":62}},"type":"if","locations":[{"start":{"line":209,"column":12},"end":{"line":222,"column":62}},{"start":{"line":209,"column":12},"end":{"line":222,"column":62}}],"line":209},"22":{"loc":{"start":{"line":213,"column":16},"end":{"line":214,"column":24}},"type":"if","locations":[{"start":{"line":213,"column":16},"end":{"line":214,"column":24}},{"start":{"line":213,"column":16},"end":{"line":214,"column":24}}],"line":213},"23":{"loc":{"start":{"line":216,"column":16},"end":{"line":216,"column":83}},"type":"if","locations":[{"start":{"line":216,"column":16},"end":{"line":216,"column":83}},{"start":{"line":216,"column":16},"end":{"line":216,"column":83}}],"line":216}},"s":{"0":1,"1":1,"2":1,"3":1,"4":1,"5":1,"6":1,"7":1,"8":1,"9":3,"10":3,"11":3,"12":3,"13":3,"14":3,"15":3,"16":3,"17":3,"18":3,"19":1,"20":2,"21":1,"22":1,"23":4,"24":4,"25":4,"26":4,"27":4,"28":2,"29":2,"30":1,"31":1,"32":1,"33":2,"34":2,"35":1,"36":1,"37":1,"38":2,"39":2,"40":2,"41":2,"42":1,"43":1,"44":1,"45":1,"46":3,"47":3,"48":3,"49":3,"50":2,"51":2,"52":2,"53":1,"54":1,"55":5,"56":1,"57":1,"58":1,"59":3,"60":3,"61":3,"62":3,"63":3,"64":3,"65":3,"66":2,"67":2,"68":1,"69":1,"70":2,"71":1,"72":5,"73":5,"74":5,"75":5,"76":5,"77":4,"78":4,"79":4,"80":3,"81":3,"82":4,"83":1,"84":3,"85":3,"86":1,"87":4,"88":4,"89":4,"90":4,"91":4,"92":3,"93":1,"94":1,"95":2,"96":1,"97":3,"98":3,"99":2,"100":1,"101":1,"102":4,"103":4,"104":4,"105":4,"106":4,"107":4,"108":4,"109":3,"110":3,"111":3,"112":2,"113":2,"114":3,"115":1,"116":2,"117":2,"118":1,"119":5,"120":5,"121":5,"122":5,"123":5,"124":4,"125":4,"126":4,"127":2,"128":2,"129":4,"130":1,"131":3,"132":3,"133":1,"134":1},"f":{"0":3,"1":3,"2":3,"3":3,"4":4,"5":4,"6":2,"7":2,"8":3,"9":3,"10":3,"11":3,"12":5,"13":5,"14":4,"15":3,"16":4,"17":4,"18":1,"19":1,"20":4,"21":4,"22":3,"23":2,"24":5,"25":5,"26":4,"27":2},"b":{"0":[1,2],"1":[3,2],"2":[1,1],"3":[2,2],"4":[1,1],"5":[2,1],"6":[1,1],"7":[2,1],"8":[1,1],"9":[2,1],"10":[1,1],"11":[2,1],"12":[1,1],"13":[4,1],"14":[3,1],"15":[1,3],"16":[3,1],"17":[1,2],"18":[3,1],"19":[2,1],"20":[1,2],"21":[4,1],"22":[2,2],"23":[1,3]},"_coverageSchema":"43e27e138ebf9cfc5966b082cf9a028302ed4184","hash":"197b33eb33c489af119422c3074d6a3ee0f9988b"}
,"C:\\Users\\liknE\\Documents\\skylab\\bootcamp\\collab\\skylab-bootcamp-201904\\staff\\francesc-destruels\\breedingseason\\breedingseasonback\\logic\\game\\game.js": {"path":"C:\\Users\\liknE\\Documents\\skylab\\bootcamp\\collab\\skylab-bootcamp-201904\\staff\\francesc-destruels\\breedingseason\\breedingseasonback\\logic\\game\\game.js","statementMap":{"0":{"start":{"line":2,"column":107},"end":{"line":2,"column":137}},"1":{"start":{"line":3,"column":11},"end":{"line":3,"column":24}},"2":{"start":{"line":5,"column":25},"end":{"line":5,"column":27}},"3":{"start":{"line":6,"column":26},"end":{"line":6,"column":28}},"4":{"start":{"line":9,"column":4},"end":{"line":9,"column":38}},"5":{"start":{"line":10,"column":4},"end":{"line":10,"column":35}},"6":{"start":{"line":11,"column":4},"end":{"line":14,"column":7}},"7":{"start":{"line":13,"column":41},"end":{"line":13,"column":69}},"8":{"start":{"line":16,"column":36},"end":{"line":16,"column":41}},"9":{"start":{"line":18,"column":4},"end":{"line":18,"column":20}},"10":{"start":{"line":19,"column":4},"end":{"line":19,"column":20}},"11":{"start":{"line":20,"column":4},"end":{"line":20,"column":29}},"12":{"start":{"line":21,"column":4},"end":{"line":21,"column":28}},"13":{"start":{"line":22,"column":4},"end":{"line":22,"column":85}},"14":{"start":{"line":23,"column":4},"end":{"line":23,"column":18}},"15":{"start":{"line":24,"column":4},"end":{"line":24,"column":47}},"16":{"start":{"line":25,"column":4},"end":{"line":25,"column":21}},"17":{"start":{"line":26,"column":4},"end":{"line":26,"column":23}},"18":{"start":{"line":27,"column":4},"end":{"line":27,"column":51}},"19":{"start":{"line":28,"column":4},"end":{"line":28,"column":29}},"20":{"start":{"line":29,"column":4},"end":{"line":29,"column":21}},"21":{"start":{"line":30,"column":4},"end":{"line":30,"column":34}},"22":{"start":{"line":31,"column":4},"end":{"line":31,"column":27}},"23":{"start":{"line":32,"column":4},"end":{"line":32,"column":47}},"24":{"start":{"line":35,"column":0},"end":{"line":75,"column":1}},"25":{"start":{"line":37,"column":4},"end":{"line":37,"column":63}},"26":{"start":{"line":37,"column":27},"end":{"line":37,"column":63}},"27":{"start":{"line":43,"column":4},"end":{"line":43,"column":26}},"28":{"start":{"line":45,"column":4},"end":{"line":52,"column":5}},"29":{"start":{"line":45,"column":17},"end":{"line":45,"column":18}},"30":{"start":{"line":47,"column":23},"end":{"line":47,"column":53}},"31":{"start":{"line":49,"column":21},"end":{"line":49,"column":93}},"32":{"start":{"line":51,"column":8},"end":{"line":51,"column":36}},"33":{"start":{"line":58,"column":16},"end":{"line":58,"column":65}},"34":{"start":{"line":60,"column":4},"end":{"line":60,"column":41}},"35":{"start":{"line":60,"column":21},"end":{"line":60,"column":40}},"36":{"start":{"line":62,"column":12},"end":{"line":62,"column":13}},"37":{"start":{"line":64,"column":4},"end":{"line":70,"column":5}},"38":{"start":{"line":64,"column":17},"end":{"line":64,"column":18}},"39":{"start":{"line":66,"column":8},"end":{"line":69,"column":24}},"40":{"start":{"line":67,"column":12},"end":{"line":67,"column":47}},"41":{"start":{"line":68,"column":12},"end":{"line":68,"column":15}},"42":{"start":{"line":69,"column":15},"end":{"line":69,"column":24}},"43":{"start":{"line":72,"column":4},"end":{"line":72,"column":28}},"44":{"start":{"line":74,"column":4},"end":{"line":74,"column":26}},"45":{"start":{"line":81,"column":0},"end":{"line":91,"column":1}},"46":{"start":{"line":82,"column":4},"end":{"line":82,"column":37}},"47":{"start":{"line":84,"column":21},"end":{"line":84,"column":62}},"48":{"start":{"line":84,"column":44},"end":{"line":84,"column":61}},"49":{"start":{"line":85,"column":4},"end":{"line":85,"column":79}},"50":{"start":{"line":85,"column":48},"end":{"line":85,"column":79}},"51":{"start":{"line":87,"column":4},"end":{"line":88,"column":45}},"52":{"start":{"line":87,"column":19},"end":{"line":87,"column":101}},"53":{"start":{"line":88,"column":9},"end":{"line":88,"column":45}},"54":{"start":{"line":90,"column":4},"end":{"line":90,"column":18}},"55":{"start":{"line":97,"column":0},"end":{"line":130,"column":1}},"56":{"start":{"line":98,"column":4},"end":{"line":98,"column":35}},"57":{"start":{"line":100,"column":4},"end":{"line":103,"column":5}},"58":{"start":{"line":101,"column":8},"end":{"line":101,"column":25}},"59":{"start":{"line":102,"column":8},"end":{"line":102,"column":50}},"60":{"start":{"line":105,"column":4},"end":{"line":129,"column":46}},"61":{"start":{"line":108,"column":28},"end":{"line":108,"column":67}},"62":{"start":{"line":108,"column":51},"end":{"line":108,"column":66}},"63":{"start":{"line":110,"column":8},"end":{"line":110,"column":70}},"64":{"start":{"line":110,"column":26},"end":{"line":110,"column":70}},"65":{"start":{"line":112,"column":8},"end":{"line":112,"column":32}},"66":{"start":{"line":114,"column":8},"end":{"line":127,"column":9}},"67":{"start":{"line":115,"column":32},"end":{"line":115,"column":73}},"68":{"start":{"line":115,"column":55},"end":{"line":115,"column":72}},"69":{"start":{"line":117,"column":12},"end":{"line":123,"column":13}},"70":{"start":{"line":118,"column":16},"end":{"line":118,"column":33}},"71":{"start":{"line":119,"column":16},"end":{"line":119,"column":34}},"72":{"start":{"line":122,"column":16},"end":{"line":122,"column":53}},"73":{"start":{"line":126,"column":12},"end":{"line":126,"column":48}},"74":{"start":{"line":129,"column":11},"end":{"line":129,"column":46}},"75":{"start":{"line":136,"column":0},"end":{"line":191,"column":1}},"76":{"start":{"line":137,"column":4},"end":{"line":137,"column":35}},"77":{"start":{"line":139,"column":4},"end":{"line":139,"column":66}},"78":{"start":{"line":139,"column":28},"end":{"line":139,"column":66}},"79":{"start":{"line":141,"column":29},"end":{"line":141,"column":85}},"80":{"start":{"line":143,"column":25},"end":{"line":183,"column":5}},"81":{"start":{"line":185,"column":68},"end":{"line":185,"column":82}},"82":{"start":{"line":187,"column":4},"end":{"line":188,"column":50}},"83":{"start":{"line":187,"column":40},"end":{"line":187,"column":59}},"84":{"start":{"line":187,"column":62},"end":{"line":187,"column":137}},"85":{"start":{"line":188,"column":9},"end":{"line":188,"column":50}},"86":{"start":{"line":190,"column":4},"end":{"line":190,"column":25}},"87":{"start":{"line":197,"column":0},"end":{"line":319,"column":1}},"88":{"start":{"line":198,"column":4},"end":{"line":198,"column":35}},"89":{"start":{"line":199,"column":4},"end":{"line":214,"column":7}},"90":{"start":{"line":215,"column":4},"end":{"line":215,"column":32}},"91":{"start":{"line":220,"column":62},"end":{"line":220,"column":72}},"92":{"start":{"line":222,"column":19},"end":{"line":222,"column":70}},"93":{"start":{"line":222,"column":50},"end":{"line":222,"column":69}},"94":{"start":{"line":224,"column":4},"end":{"line":224,"column":59}},"95":{"start":{"line":224,"column":17},"end":{"line":224,"column":59}},"96":{"start":{"line":225,"column":40},"end":{"line":225,"column":46}},"97":{"start":{"line":227,"column":90},"end":{"line":227,"column":103}},"98":{"start":{"line":229,"column":4},"end":{"line":229,"column":77}},"99":{"start":{"line":230,"column":4},"end":{"line":230,"column":77}},"100":{"start":{"line":231,"column":4},"end":{"line":231,"column":83}},"101":{"start":{"line":232,"column":4},"end":{"line":232,"column":80}},"102":{"start":{"line":234,"column":24},"end":{"line":234,"column":45}},"103":{"start":{"line":237,"column":4},"end":{"line":279,"column":5}},"104":{"start":{"line":238,"column":8},"end":{"line":238,"column":37}},"105":{"start":{"line":240,"column":8},"end":{"line":241,"column":16}},"106":{"start":{"line":240,"column":43},"end":{"line":240,"column":61}},"107":{"start":{"line":244,"column":8},"end":{"line":244,"column":56}},"108":{"start":{"line":247,"column":19},"end":{"line":247,"column":20}},"109":{"start":{"line":249,"column":8},"end":{"line":256,"column":9}},"110":{"start":{"line":249,"column":21},"end":{"line":249,"column":22}},"111":{"start":{"line":250,"column":28},"end":{"line":250,"column":62}},"112":{"start":{"line":250,"column":51},"end":{"line":250,"column":61}},"113":{"start":{"line":252,"column":12},"end":{"line":252,"column":32}},"114":{"start":{"line":252,"column":26},"end":{"line":252,"column":32}},"115":{"start":{"line":254,"column":12},"end":{"line":254,"column":57}},"116":{"start":{"line":254,"column":39},"end":{"line":254,"column":57}},"117":{"start":{"line":259,"column":32},"end":{"line":259,"column":33}},"118":{"start":{"line":261,"column":8},"end":{"line":276,"column":9}},"119":{"start":{"line":261,"column":21},"end":{"line":261,"column":22}},"120":{"start":{"line":262,"column":12},"end":{"line":275,"column":27}},"121":{"start":{"line":263,"column":16},"end":{"line":263,"column":35}},"122":{"start":{"line":265,"column":16},"end":{"line":265,"column":63}},"123":{"start":{"line":267,"column":16},"end":{"line":274,"column":31}},"124":{"start":{"line":269,"column":20},"end":{"line":273,"column":94}},"125":{"start":{"line":270,"column":24},"end":{"line":270,"column":47}},"126":{"start":{"line":271,"column":24},"end":{"line":271,"column":90}},"127":{"start":{"line":273,"column":27},"end":{"line":273,"column":94}},"128":{"start":{"line":274,"column":23},"end":{"line":274,"column":31}},"129":{"start":{"line":275,"column":19},"end":{"line":275,"column":27}},"130":{"start":{"line":278,"column":8},"end":{"line":278,"column":55}},"131":{"start":{"line":278,"column":37},"end":{"line":278,"column":55}},"132":{"start":{"line":281,"column":4},"end":{"line":301,"column":5}},"133":{"start":{"line":283,"column":12},"end":{"line":283,"column":61}},"134":{"start":{"line":284,"column":12},"end":{"line":284,"column":17}},"135":{"start":{"line":286,"column":12},"end":{"line":286,"column":41}},"136":{"start":{"line":287,"column":12},"end":{"line":287,"column":17}},"137":{"start":{"line":289,"column":12},"end":{"line":289,"column":57}},"138":{"start":{"line":290,"column":12},"end":{"line":290,"column":17}},"139":{"start":{"line":293,"column":12},"end":{"line":294,"column":62}},"140":{"start":{"line":293,"column":125},"end":{"line":293,"column":174}},"141":{"start":{"line":294,"column":17},"end":{"line":294,"column":62}},"142":{"start":{"line":295,"column":12},"end":{"line":295,"column":17}},"143":{"start":{"line":297,"column":12},"end":{"line":297,"column":17}},"144":{"start":{"line":300,"column":12},"end":{"line":300,"column":17}},"145":{"start":{"line":302,"column":24},"end":{"line":302,"column":63}},"146":{"start":{"line":302,"column":47},"end":{"line":302,"column":62}},"147":{"start":{"line":304,"column":4},"end":{"line":304,"column":32}},"148":{"start":{"line":306,"column":27},"end":{"line":306,"column":72}},"149":{"start":{"line":306,"column":50},"end":{"line":306,"column":71}},"150":{"start":{"line":308,"column":4},"end":{"line":318,"column":17}},"151":{"start":{"line":308,"column":49},"end":{"line":308,"column":84}},"152":{"start":{"line":309,"column":9},"end":{"line":318,"column":17}},"153":{"start":{"line":310,"column":8},"end":{"line":310,"column":140}},"154":{"start":{"line":310,"column":34},"end":{"line":310,"column":138}},"155":{"start":{"line":310,"column":105},"end":{"line":310,"column":138}},"156":{"start":{"line":312,"column":8},"end":{"line":312,"column":24}},"157":{"start":{"line":313,"column":8},"end":{"line":313,"column":20}},"158":{"start":{"line":315,"column":8},"end":{"line":316,"column":19}},"159":{"start":{"line":315,"column":34},"end":{"line":315,"column":71}},"160":{"start":{"line":316,"column":13},"end":{"line":316,"column":19}},"161":{"start":{"line":318,"column":11},"end":{"line":318,"column":17}},"162":{"start":{"line":325,"column":0},"end":{"line":346,"column":1}},"163":{"start":{"line":326,"column":4},"end":{"line":326,"column":35}},"164":{"start":{"line":328,"column":4},"end":{"line":328,"column":66}},"165":{"start":{"line":328,"column":28},"end":{"line":328,"column":66}},"166":{"start":{"line":330,"column":4},"end":{"line":330,"column":50}},"167":{"start":{"line":330,"column":30},"end":{"line":330,"column":49}},"168":{"start":{"line":332,"column":24},"end":{"line":334,"column":6}},"169":{"start":{"line":333,"column":8},"end":{"line":333,"column":41}},"170":{"start":{"line":333,"column":33},"end":{"line":333,"column":41}},"171":{"start":{"line":336,"column":4},"end":{"line":336,"column":66}},"172":{"start":{"line":336,"column":22},"end":{"line":336,"column":66}},"173":{"start":{"line":338,"column":4},"end":{"line":338,"column":27}},"174":{"start":{"line":340,"column":20},"end":{"line":340,"column":53}},"175":{"start":{"line":341,"column":4},"end":{"line":341,"column":95}},"176":{"start":{"line":341,"column":33},"end":{"line":341,"column":95}},"177":{"start":{"line":343,"column":4},"end":{"line":343,"column":21}},"178":{"start":{"line":345,"column":4},"end":{"line":345,"column":94}},"179":{"start":{"line":352,"column":0},"end":{"line":360,"column":1}},"180":{"start":{"line":354,"column":4},"end":{"line":359,"column":15}},"181":{"start":{"line":354,"column":32},"end":{"line":354,"column":47}},"182":{"start":{"line":354,"column":50},"end":{"line":354,"column":95}},"183":{"start":{"line":355,"column":9},"end":{"line":359,"column":15}},"184":{"start":{"line":355,"column":26},"end":{"line":355,"column":32}},"185":{"start":{"line":356,"column":9},"end":{"line":359,"column":15}},"186":{"start":{"line":356,"column":26},"end":{"line":356,"column":57}},"187":{"start":{"line":357,"column":9},"end":{"line":359,"column":15}},"188":{"start":{"line":357,"column":31},"end":{"line":357,"column":73}},"189":{"start":{"line":358,"column":9},"end":{"line":359,"column":15}},"190":{"start":{"line":358,"column":24},"end":{"line":358,"column":61}},"191":{"start":{"line":359,"column":9},"end":{"line":359,"column":15}},"192":{"start":{"line":366,"column":0},"end":{"line":390,"column":1}},"193":{"start":{"line":368,"column":18},"end":{"line":376,"column":6}},"194":{"start":{"line":371,"column":8},"end":{"line":373,"column":27}},"195":{"start":{"line":371,"column":41},"end":{"line":371,"column":56}},"196":{"start":{"line":372,"column":13},"end":{"line":373,"column":27}},"197":{"start":{"line":372,"column":46},"end":{"line":372,"column":60}},"198":{"start":{"line":373,"column":13},"end":{"line":373,"column":27}},"199":{"start":{"line":375,"column":8},"end":{"line":375,"column":25}},"200":{"start":{"line":378,"column":15},"end":{"line":378,"column":66}},"201":{"start":{"line":378,"column":46},"end":{"line":378,"column":65}},"202":{"start":{"line":380,"column":4},"end":{"line":380,"column":23}},"203":{"start":{"line":382,"column":4},"end":{"line":385,"column":5}},"204":{"start":{"line":382,"column":17},"end":{"line":382,"column":18}},"205":{"start":{"line":383,"column":8},"end":{"line":384,"column":21}},"206":{"start":{"line":383,"column":93},"end":{"line":383,"column":111}},"207":{"start":{"line":384,"column":13},"end":{"line":384,"column":21}},"208":{"start":{"line":387,"column":4},"end":{"line":387,"column":18}},"209":{"start":{"line":396,"column":0},"end":{"line":519,"column":1}},"210":{"start":{"line":397,"column":4},"end":{"line":397,"column":56}},"211":{"start":{"line":397,"column":22},"end":{"line":397,"column":56}},"212":{"start":{"line":399,"column":29},"end":{"line":399,"column":85}},"213":{"start":{"line":401,"column":21},"end":{"line":401,"column":23}},"214":{"start":{"line":402,"column":22},"end":{"line":402,"column":24}},"215":{"start":{"line":403,"column":21},"end":{"line":403,"column":23}},"216":{"start":{"line":405,"column":22},"end":{"line":405,"column":23}},"217":{"start":{"line":406,"column":23},"end":{"line":406,"column":24}},"218":{"start":{"line":407,"column":22},"end":{"line":407,"column":23}},"219":{"start":{"line":409,"column":4},"end":{"line":459,"column":5}},"220":{"start":{"line":411,"column":38},"end":{"line":411,"column":61}},"221":{"start":{"line":413,"column":8},"end":{"line":425,"column":53}},"222":{"start":{"line":427,"column":8},"end":{"line":458,"column":9}},"223":{"start":{"line":428,"column":12},"end":{"line":428,"column":36}},"224":{"start":{"line":429,"column":12},"end":{"line":429,"column":38}},"225":{"start":{"line":430,"column":12},"end":{"line":430,"column":36}},"226":{"start":{"line":431,"column":12},"end":{"line":431,"column":38}},"227":{"start":{"line":432,"column":12},"end":{"line":432,"column":27}},"228":{"start":{"line":433,"column":12},"end":{"line":433,"column":37}},"229":{"start":{"line":434,"column":12},"end":{"line":434,"column":52}},"230":{"start":{"line":436,"column":15},"end":{"line":458,"column":9}},"231":{"start":{"line":437,"column":12},"end":{"line":437,"column":52}},"232":{"start":{"line":439,"column":15},"end":{"line":458,"column":9}},"233":{"start":{"line":440,"column":12},"end":{"line":440,"column":36}},"234":{"start":{"line":441,"column":12},"end":{"line":441,"column":38}},"235":{"start":{"line":442,"column":12},"end":{"line":442,"column":28}},"236":{"start":{"line":443,"column":12},"end":{"line":443,"column":38}},"237":{"start":{"line":444,"column":12},"end":{"line":444,"column":53}},"238":{"start":{"line":446,"column":15},"end":{"line":458,"column":9}},"239":{"start":{"line":447,"column":12},"end":{"line":447,"column":53}},"240":{"start":{"line":449,"column":15},"end":{"line":458,"column":9}},"241":{"start":{"line":450,"column":12},"end":{"line":450,"column":27}},"242":{"start":{"line":451,"column":12},"end":{"line":451,"column":37}},"243":{"start":{"line":452,"column":12},"end":{"line":452,"column":52}},"244":{"start":{"line":454,"column":15},"end":{"line":458,"column":9}},"245":{"start":{"line":455,"column":12},"end":{"line":455,"column":52}},"246":{"start":{"line":457,"column":12},"end":{"line":457,"column":20}},"247":{"start":{"line":461,"column":4},"end":{"line":461,"column":80}},"248":{"start":{"line":461,"column":28},"end":{"line":461,"column":79}},"249":{"start":{"line":462,"column":4},"end":{"line":462,"column":81}},"250":{"start":{"line":462,"column":29},"end":{"line":462,"column":80}},"251":{"start":{"line":463,"column":4},"end":{"line":463,"column":80}},"252":{"start":{"line":463,"column":28},"end":{"line":463,"column":79}},"253":{"start":{"line":465,"column":4},"end":{"line":518,"column":17}},"254":{"start":{"line":466,"column":8},"end":{"line":466,"column":45}},"255":{"start":{"line":481,"column":27},"end":{"line":481,"column":65}},"256":{"start":{"line":483,"column":34},"end":{"line":483,"column":67}},"257":{"start":{"line":485,"column":27},"end":{"line":485,"column":87}},"258":{"start":{"line":487,"column":8},"end":{"line":487,"column":31}},"259":{"start":{"line":489,"column":8},"end":{"line":506,"column":10}},"260":{"start":{"line":508,"column":8},"end":{"line":508,"column":47}},"261":{"start":{"line":510,"column":8},"end":{"line":510,"column":31}},"262":{"start":{"line":512,"column":8},"end":{"line":512,"column":58}},"263":{"start":{"line":514,"column":8},"end":{"line":514,"column":38}},"264":{"start":{"line":516,"column":8},"end":{"line":516,"column":35}},"265":{"start":{"line":518,"column":11},"end":{"line":518,"column":17}},"266":{"start":{"line":522,"column":0},"end":{"line":522,"column":62}}},"fnMap":{"0":{"name":"Game","decl":{"start":{"line":8,"column":9},"end":{"line":8,"column":13}},"loc":{"start":{"line":8,"column":40},"end":{"line":33,"column":1}},"line":8},"1":{"name":"(anonymous_1)","decl":{"start":{"line":13,"column":36},"end":{"line":13,"column":37}},"loc":{"start":{"line":13,"column":41},"end":{"line":13,"column":69}},"line":13},"2":{"name":"(anonymous_2)","decl":{"start":{"line":35,"column":22},"end":{"line":35,"column":23}},"loc":{"start":{"line":35,"column":40},"end":{"line":75,"column":1}},"line":35},"3":{"name":"(anonymous_3)","decl":{"start":{"line":60,"column":15},"end":{"line":60,"column":16}},"loc":{"start":{"line":60,"column":21},"end":{"line":60,"column":40}},"line":60},"4":{"name":"(anonymous_4)","decl":{"start":{"line":81,"column":27},"end":{"line":81,"column":28}},"loc":{"start":{"line":81,"column":47},"end":{"line":91,"column":1}},"line":81},"5":{"name":"(anonymous_5)","decl":{"start":{"line":84,"column":39},"end":{"line":84,"column":40}},"loc":{"start":{"line":84,"column":44},"end":{"line":84,"column":61}},"line":84},"6":{"name":"(anonymous_6)","decl":{"start":{"line":97,"column":31},"end":{"line":97,"column":32}},"loc":{"start":{"line":97,"column":55},"end":{"line":130,"column":1}},"line":97},"7":{"name":"(anonymous_7)","decl":{"start":{"line":108,"column":46},"end":{"line":108,"column":47}},"loc":{"start":{"line":108,"column":51},"end":{"line":108,"column":66}},"line":108},"8":{"name":"(anonymous_8)","decl":{"start":{"line":115,"column":50},"end":{"line":115,"column":51}},"loc":{"start":{"line":115,"column":55},"end":{"line":115,"column":72}},"line":115},"9":{"name":"(anonymous_9)","decl":{"start":{"line":136,"column":40},"end":{"line":136,"column":41}},"loc":{"start":{"line":136,"column":64},"end":{"line":191,"column":1}},"line":136},"10":{"name":"(anonymous_10)","decl":{"start":{"line":187,"column":35},"end":{"line":187,"column":36}},"loc":{"start":{"line":187,"column":40},"end":{"line":187,"column":59}},"line":187},"11":{"name":"(anonymous_11)","decl":{"start":{"line":197,"column":30},"end":{"line":197,"column":31}},"loc":{"start":{"line":197,"column":81},"end":{"line":319,"column":1}},"line":197},"12":{"name":"(anonymous_12)","decl":{"start":{"line":222,"column":45},"end":{"line":222,"column":46}},"loc":{"start":{"line":222,"column":50},"end":{"line":222,"column":69}},"line":222},"13":{"name":"(anonymous_13)","decl":{"start":{"line":250,"column":46},"end":{"line":250,"column":47}},"loc":{"start":{"line":250,"column":51},"end":{"line":250,"column":61}},"line":250},"14":{"name":"(anonymous_14)","decl":{"start":{"line":302,"column":42},"end":{"line":302,"column":43}},"loc":{"start":{"line":302,"column":47},"end":{"line":302,"column":62}},"line":302},"15":{"name":"(anonymous_15)","decl":{"start":{"line":306,"column":45},"end":{"line":306,"column":46}},"loc":{"start":{"line":306,"column":50},"end":{"line":306,"column":71}},"line":306},"16":{"name":"(anonymous_16)","decl":{"start":{"line":325,"column":35},"end":{"line":325,"column":36}},"loc":{"start":{"line":325,"column":53},"end":{"line":346,"column":1}},"line":325},"17":{"name":"(anonymous_17)","decl":{"start":{"line":330,"column":25},"end":{"line":330,"column":26}},"loc":{"start":{"line":330,"column":30},"end":{"line":330,"column":49}},"line":330},"18":{"name":"(anonymous_18)","decl":{"start":{"line":332,"column":50},"end":{"line":332,"column":51}},"loc":{"start":{"line":332,"column":55},"end":{"line":334,"column":5}},"line":332},"19":{"name":"(anonymous_19)","decl":{"start":{"line":352,"column":24},"end":{"line":352,"column":25}},"loc":{"start":{"line":352,"column":48},"end":{"line":360,"column":1}},"line":352},"20":{"name":"(anonymous_20)","decl":{"start":{"line":354,"column":27},"end":{"line":354,"column":28}},"loc":{"start":{"line":354,"column":32},"end":{"line":354,"column":47}},"line":354},"21":{"name":"(anonymous_21)","decl":{"start":{"line":366,"column":29},"end":{"line":366,"column":30}},"loc":{"start":{"line":366,"column":53},"end":{"line":390,"column":1}},"line":366},"22":{"name":"(anonymous_22)","decl":{"start":{"line":368,"column":44},"end":{"line":368,"column":45}},"loc":{"start":{"line":368,"column":54},"end":{"line":376,"column":5}},"line":368},"23":{"name":"(anonymous_23)","decl":{"start":{"line":378,"column":41},"end":{"line":378,"column":42}},"loc":{"start":{"line":378,"column":46},"end":{"line":378,"column":65}},"line":378},"24":{"name":"(anonymous_24)","decl":{"start":{"line":396,"column":33},"end":{"line":396,"column":34}},"loc":{"start":{"line":396,"column":51},"end":{"line":519,"column":1}},"line":396},"25":{"name":"(anonymous_25)","decl":{"start":{"line":461,"column":23},"end":{"line":461,"column":24}},"loc":{"start":{"line":461,"column":28},"end":{"line":461,"column":79}},"line":461},"26":{"name":"(anonymous_26)","decl":{"start":{"line":462,"column":24},"end":{"line":462,"column":25}},"loc":{"start":{"line":462,"column":29},"end":{"line":462,"column":80}},"line":462},"27":{"name":"(anonymous_27)","decl":{"start":{"line":463,"column":23},"end":{"line":463,"column":24}},"loc":{"start":{"line":463,"column":28},"end":{"line":463,"column":79}},"line":463}},"branchMap":{"0":{"loc":{"start":{"line":13,"column":41},"end":{"line":13,"column":69}},"type":"binary-expr","locations":[{"start":{"line":13,"column":41},"end":{"line":13,"column":60}},{"start":{"line":13,"column":64},"end":{"line":13,"column":69}}],"line":13},"1":{"loc":{"start":{"line":24,"column":17},"end":{"line":24,"column":47}},"type":"cond-expr","locations":[{"start":{"line":24,"column":35},"end":{"line":24,"column":39}},{"start":{"line":24,"column":42},"end":{"line":24,"column":47}}],"line":24},"2":{"loc":{"start":{"line":37,"column":4},"end":{"line":37,"column":63}},"type":"if","locations":[{"start":{"line":37,"column":4},"end":{"line":37,"column":63}},{"start":{"line":37,"column":4},"end":{"line":37,"column":63}}],"line":37},"3":{"loc":{"start":{"line":66,"column":8},"end":{"line":69,"column":24}},"type":"if","locations":[{"start":{"line":66,"column":8},"end":{"line":69,"column":24}},{"start":{"line":66,"column":8},"end":{"line":69,"column":24}}],"line":66},"4":{"loc":{"start":{"line":85,"column":4},"end":{"line":85,"column":79}},"type":"if","locations":[{"start":{"line":85,"column":4},"end":{"line":85,"column":79}},{"start":{"line":85,"column":4},"end":{"line":85,"column":79}}],"line":85},"5":{"loc":{"start":{"line":87,"column":4},"end":{"line":88,"column":45}},"type":"if","locations":[{"start":{"line":87,"column":4},"end":{"line":88,"column":45}},{"start":{"line":87,"column":4},"end":{"line":88,"column":45}}],"line":87},"6":{"loc":{"start":{"line":100,"column":4},"end":{"line":103,"column":5}},"type":"if","locations":[{"start":{"line":100,"column":4},"end":{"line":103,"column":5}},{"start":{"line":100,"column":4},"end":{"line":103,"column":5}}],"line":100},"7":{"loc":{"start":{"line":100,"column":8},"end":{"line":100,"column":73}},"type":"binary-expr","locations":[{"start":{"line":100,"column":8},"end":{"line":100,"column":18}},{"start":{"line":100,"column":22},"end":{"line":100,"column":42}},{"start":{"line":100,"column":46},"end":{"line":100,"column":73}}],"line":100},"8":{"loc":{"start":{"line":105,"column":4},"end":{"line":129,"column":46}},"type":"if","locations":[{"start":{"line":105,"column":4},"end":{"line":129,"column":46}},{"start":{"line":105,"column":4},"end":{"line":129,"column":46}}],"line":105},"9":{"loc":{"start":{"line":110,"column":8},"end":{"line":110,"column":70}},"type":"if","locations":[{"start":{"line":110,"column":8},"end":{"line":110,"column":70}},{"start":{"line":110,"column":8},"end":{"line":110,"column":70}}],"line":110},"10":{"loc":{"start":{"line":114,"column":8},"end":{"line":127,"column":9}},"type":"if","locations":[{"start":{"line":114,"column":8},"end":{"line":127,"column":9}},{"start":{"line":114,"column":8},"end":{"line":127,"column":9}}],"line":114},"11":{"loc":{"start":{"line":117,"column":12},"end":{"line":123,"column":13}},"type":"if","locations":[{"start":{"line":117,"column":12},"end":{"line":123,"column":13}},{"start":{"line":117,"column":12},"end":{"line":123,"column":13}}],"line":117},"12":{"loc":{"start":{"line":139,"column":4},"end":{"line":139,"column":66}},"type":"if","locations":[{"start":{"line":139,"column":4},"end":{"line":139,"column":66}},{"start":{"line":139,"column":4},"end":{"line":139,"column":66}}],"line":139},"13":{"loc":{"start":{"line":172,"column":29},"end":{"line":172,"column":57}},"type":"cond-expr","locations":[{"start":{"line":172,"column":52},"end":{"line":172,"column":53}},{"start":{"line":172,"column":56},"end":{"line":172,"column":57}}],"line":172},"14":{"loc":{"start":{"line":187,"column":4},"end":{"line":188,"column":50}},"type":"if","locations":[{"start":{"line":187,"column":4},"end":{"line":188,"column":50}},{"start":{"line":187,"column":4},"end":{"line":188,"column":50}}],"line":187},"15":{"loc":{"start":{"line":224,"column":4},"end":{"line":224,"column":59}},"type":"if","locations":[{"start":{"line":224,"column":4},"end":{"line":224,"column":59}},{"start":{"line":224,"column":4},"end":{"line":224,"column":59}}],"line":224},"16":{"loc":{"start":{"line":229,"column":38},"end":{"line":229,"column":77}},"type":"cond-expr","locations":[{"start":{"line":229,"column":57},"end":{"line":229,"column":73}},{"start":{"line":229,"column":76},"end":{"line":229,"column":77}}],"line":229},"17":{"loc":{"start":{"line":230,"column":38},"end":{"line":230,"column":77}},"type":"cond-expr","locations":[{"start":{"line":230,"column":57},"end":{"line":230,"column":73}},{"start":{"line":230,"column":76},"end":{"line":230,"column":77}}],"line":230},"18":{"loc":{"start":{"line":231,"column":40},"end":{"line":231,"column":83}},"type":"cond-expr","locations":[{"start":{"line":231,"column":61},"end":{"line":231,"column":79}},{"start":{"line":231,"column":82},"end":{"line":231,"column":83}}],"line":231},"19":{"loc":{"start":{"line":232,"column":39},"end":{"line":232,"column":80}},"type":"cond-expr","locations":[{"start":{"line":232,"column":59},"end":{"line":232,"column":76}},{"start":{"line":232,"column":79},"end":{"line":232,"column":80}}],"line":232},"20":{"loc":{"start":{"line":237,"column":4},"end":{"line":279,"column":5}},"type":"if","locations":[{"start":{"line":237,"column":4},"end":{"line":279,"column":5}},{"start":{"line":237,"column":4},"end":{"line":279,"column":5}}],"line":237},"21":{"loc":{"start":{"line":240,"column":8},"end":{"line":241,"column":16}},"type":"if","locations":[{"start":{"line":240,"column":8},"end":{"line":241,"column":16}},{"start":{"line":240,"column":8},"end":{"line":241,"column":16}}],"line":240},"22":{"loc":{"start":{"line":252,"column":12},"end":{"line":252,"column":32}},"type":"if","locations":[{"start":{"line":252,"column":12},"end":{"line":252,"column":32}},{"start":{"line":252,"column":12},"end":{"line":252,"column":32}}],"line":252},"23":{"loc":{"start":{"line":254,"column":12},"end":{"line":254,"column":57}},"type":"if","locations":[{"start":{"line":254,"column":12},"end":{"line":254,"column":57}},{"start":{"line":254,"column":12},"end":{"line":254,"column":57}}],"line":254},"24":{"loc":{"start":{"line":254,"column":16},"end":{"line":254,"column":37}},"type":"binary-expr","locations":[{"start":{"line":254,"column":16},"end":{"line":254,"column":23}},{"start":{"line":254,"column":27},"end":{"line":254,"column":37}}],"line":254},"25":{"loc":{"start":{"line":262,"column":12},"end":{"line":275,"column":27}},"type":"if","locations":[{"start":{"line":262,"column":12},"end":{"line":275,"column":27}},{"start":{"line":262,"column":12},"end":{"line":275,"column":27}}],"line":262},"26":{"loc":{"start":{"line":267,"column":16},"end":{"line":274,"column":31}},"type":"if","locations":[{"start":{"line":267,"column":16},"end":{"line":274,"column":31}},{"start":{"line":267,"column":16},"end":{"line":274,"column":31}}],"line":267},"27":{"loc":{"start":{"line":269,"column":20},"end":{"line":273,"column":94}},"type":"if","locations":[{"start":{"line":269,"column":20},"end":{"line":273,"column":94}},{"start":{"line":269,"column":20},"end":{"line":273,"column":94}}],"line":269},"28":{"loc":{"start":{"line":278,"column":8},"end":{"line":278,"column":55}},"type":"if","locations":[{"start":{"line":278,"column":8},"end":{"line":278,"column":55}},{"start":{"line":278,"column":8},"end":{"line":278,"column":55}}],"line":278},"29":{"loc":{"start":{"line":281,"column":4},"end":{"line":301,"column":5}},"type":"switch","locations":[{"start":{"line":282,"column":8},"end":{"line":284,"column":17}},{"start":{"line":285,"column":8},"end":{"line":287,"column":17}},{"start":{"line":288,"column":8},"end":{"line":290,"column":17}},{"start":{"line":291,"column":8},"end":{"line":295,"column":17}},{"start":{"line":296,"column":8},"end":{"line":297,"column":17}},{"start":{"line":298,"column":8},"end":{"line":300,"column":17}}],"line":281},"30":{"loc":{"start":{"line":293,"column":12},"end":{"line":294,"column":62}},"type":"if","locations":[{"start":{"line":293,"column":12},"end":{"line":294,"column":62}},{"start":{"line":293,"column":12},"end":{"line":294,"column":62}}],"line":293},"31":{"loc":{"start":{"line":293,"column":16},"end":{"line":293,"column":123}},"type":"binary-expr","locations":[{"start":{"line":293,"column":16},"end":{"line":293,"column":39}},{"start":{"line":293,"column":43},"end":{"line":293,"column":66}},{"start":{"line":293,"column":70},"end":{"line":293,"column":95}},{"start":{"line":293,"column":99},"end":{"line":293,"column":123}}],"line":293},"32":{"loc":{"start":{"line":308,"column":4},"end":{"line":318,"column":17}},"type":"if","locations":[{"start":{"line":308,"column":4},"end":{"line":318,"column":17}},{"start":{"line":308,"column":4},"end":{"line":318,"column":17}}],"line":308},"33":{"loc":{"start":{"line":308,"column":8},"end":{"line":308,"column":47}},"type":"binary-expr","locations":[{"start":{"line":308,"column":8},"end":{"line":308,"column":23}},{"start":{"line":308,"column":27},"end":{"line":308,"column":47}}],"line":308},"34":{"loc":{"start":{"line":309,"column":9},"end":{"line":318,"column":17}},"type":"if","locations":[{"start":{"line":309,"column":9},"end":{"line":318,"column":17}},{"start":{"line":309,"column":9},"end":{"line":318,"column":17}}],"line":309},"35":{"loc":{"start":{"line":310,"column":34},"end":{"line":310,"column":138}},"type":"if","locations":[{"start":{"line":310,"column":34},"end":{"line":310,"column":138}},{"start":{"line":310,"column":34},"end":{"line":310,"column":138}}],"line":310},"36":{"loc":{"start":{"line":310,"column":38},"end":{"line":310,"column":103}},"type":"binary-expr","locations":[{"start":{"line":310,"column":38},"end":{"line":310,"column":74}},{"start":{"line":310,"column":78},"end":{"line":310,"column":103}}],"line":310},"37":{"loc":{"start":{"line":315,"column":8},"end":{"line":316,"column":19}},"type":"if","locations":[{"start":{"line":315,"column":8},"end":{"line":316,"column":19}},{"start":{"line":315,"column":8},"end":{"line":316,"column":19}}],"line":315},"38":{"loc":{"start":{"line":328,"column":4},"end":{"line":328,"column":66}},"type":"if","locations":[{"start":{"line":328,"column":4},"end":{"line":328,"column":66}},{"start":{"line":328,"column":4},"end":{"line":328,"column":66}}],"line":328},"39":{"loc":{"start":{"line":333,"column":8},"end":{"line":333,"column":41}},"type":"if","locations":[{"start":{"line":333,"column":8},"end":{"line":333,"column":41}},{"start":{"line":333,"column":8},"end":{"line":333,"column":41}}],"line":333},"40":{"loc":{"start":{"line":336,"column":4},"end":{"line":336,"column":66}},"type":"if","locations":[{"start":{"line":336,"column":4},"end":{"line":336,"column":66}},{"start":{"line":336,"column":4},"end":{"line":336,"column":66}}],"line":336},"41":{"loc":{"start":{"line":354,"column":4},"end":{"line":359,"column":15}},"type":"if","locations":[{"start":{"line":354,"column":4},"end":{"line":359,"column":15}},{"start":{"line":354,"column":4},"end":{"line":359,"column":15}}],"line":354},"42":{"loc":{"start":{"line":355,"column":9},"end":{"line":359,"column":15}},"type":"if","locations":[{"start":{"line":355,"column":9},"end":{"line":359,"column":15}},{"start":{"line":355,"column":9},"end":{"line":359,"column":15}}],"line":355},"43":{"loc":{"start":{"line":356,"column":9},"end":{"line":359,"column":15}},"type":"if","locations":[{"start":{"line":356,"column":9},"end":{"line":359,"column":15}},{"start":{"line":356,"column":9},"end":{"line":359,"column":15}}],"line":356},"44":{"loc":{"start":{"line":357,"column":9},"end":{"line":359,"column":15}},"type":"if","locations":[{"start":{"line":357,"column":9},"end":{"line":359,"column":15}},{"start":{"line":357,"column":9},"end":{"line":359,"column":15}}],"line":357},"45":{"loc":{"start":{"line":358,"column":9},"end":{"line":359,"column":15}},"type":"if","locations":[{"start":{"line":358,"column":9},"end":{"line":359,"column":15}},{"start":{"line":358,"column":9},"end":{"line":359,"column":15}}],"line":358},"46":{"loc":{"start":{"line":371,"column":8},"end":{"line":373,"column":27}},"type":"if","locations":[{"start":{"line":371,"column":8},"end":{"line":373,"column":27}},{"start":{"line":371,"column":8},"end":{"line":373,"column":27}}],"line":371},"47":{"loc":{"start":{"line":372,"column":13},"end":{"line":373,"column":27}},"type":"if","locations":[{"start":{"line":372,"column":13},"end":{"line":373,"column":27}},{"start":{"line":372,"column":13},"end":{"line":373,"column":27}}],"line":372},"48":{"loc":{"start":{"line":383,"column":8},"end":{"line":384,"column":21}},"type":"if","locations":[{"start":{"line":383,"column":8},"end":{"line":384,"column":21}},{"start":{"line":383,"column":8},"end":{"line":384,"column":21}}],"line":383},"49":{"loc":{"start":{"line":383,"column":12},"end":{"line":383,"column":91}},"type":"binary-expr","locations":[{"start":{"line":383,"column":12},"end":{"line":383,"column":59}},{"start":{"line":383,"column":63},"end":{"line":383,"column":91}}],"line":383},"50":{"loc":{"start":{"line":397,"column":4},"end":{"line":397,"column":56}},"type":"if","locations":[{"start":{"line":397,"column":4},"end":{"line":397,"column":56}},{"start":{"line":397,"column":4},"end":{"line":397,"column":56}}],"line":397},"51":{"loc":{"start":{"line":427,"column":8},"end":{"line":458,"column":9}},"type":"if","locations":[{"start":{"line":427,"column":8},"end":{"line":458,"column":9}},{"start":{"line":427,"column":8},"end":{"line":458,"column":9}}],"line":427},"52":{"loc":{"start":{"line":436,"column":15},"end":{"line":458,"column":9}},"type":"if","locations":[{"start":{"line":436,"column":15},"end":{"line":458,"column":9}},{"start":{"line":436,"column":15},"end":{"line":458,"column":9}}],"line":436},"53":{"loc":{"start":{"line":439,"column":15},"end":{"line":458,"column":9}},"type":"if","locations":[{"start":{"line":439,"column":15},"end":{"line":458,"column":9}},{"start":{"line":439,"column":15},"end":{"line":458,"column":9}}],"line":439},"54":{"loc":{"start":{"line":446,"column":15},"end":{"line":458,"column":9}},"type":"if","locations":[{"start":{"line":446,"column":15},"end":{"line":458,"column":9}},{"start":{"line":446,"column":15},"end":{"line":458,"column":9}}],"line":446},"55":{"loc":{"start":{"line":449,"column":15},"end":{"line":458,"column":9}},"type":"if","locations":[{"start":{"line":449,"column":15},"end":{"line":458,"column":9}},{"start":{"line":449,"column":15},"end":{"line":458,"column":9}}],"line":449},"56":{"loc":{"start":{"line":454,"column":15},"end":{"line":458,"column":9}},"type":"if","locations":[{"start":{"line":454,"column":15},"end":{"line":458,"column":9}},{"start":{"line":454,"column":15},"end":{"line":458,"column":9}}],"line":454},"57":{"loc":{"start":{"line":465,"column":4},"end":{"line":518,"column":17}},"type":"if","locations":[{"start":{"line":465,"column":4},"end":{"line":518,"column":17}},{"start":{"line":465,"column":4},"end":{"line":518,"column":17}}],"line":465}},"s":{"0":2,"1":2,"2":2,"3":2,"4":169,"5":163,"6":157,"7":141,"8":139,"9":139,"10":139,"11":139,"12":139,"13":139,"14":139,"15":139,"16":139,"17":139,"18":139,"19":139,"20":139,"21":139,"22":139,"23":139,"24":2,"25":47,"26":1,"27":46,"28":46,"29":46,"30":138,"31":138,"32":138,"33":46,"34":46,"35":25462,"36":46,"37":46,"38":46,"39":5198,"40":5106,"41":5106,"42":92,"43":46,"44":46,"45":2,"46":50,"47":44,"48":76,"49":44,"50":1,"51":43,"52":42,"53":1,"54":42,"55":2,"56":62,"57":56,"58":14,"59":14,"60":42,"61":41,"62":94,"63":41,"64":1,"65":40,"66":40,"67":37,"68":115,"69":37,"70":12,"71":12,"72":25,"73":3,"74":1,"75":2,"76":66,"77":60,"78":1,"79":59,"80":59,"81":59,"82":59,"83":52,"84":58,"85":1,"86":58,"87":2,"88":17,"89":17,"90":17,"91":17,"92":17,"93":17,"94":17,"95":1,"96":16,"97":16,"98":16,"99":16,"100":16,"101":16,"102":16,"103":16,"104":2,"105":2,"106":1,"107":14,"108":14,"109":14,"110":14,"111":42,"112":58,"113":42,"114":3,"115":42,"116":1,"117":14,"118":14,"119":14,"120":56,"121":6,"122":6,"123":6,"124":3,"125":2,"126":2,"127":1,"128":3,"129":50,"130":14,"131":1,"132":16,"133":3,"134":3,"135":7,"136":7,"137":1,"138":1,"139":2,"140":1,"141":1,"142":1,"143":2,"144":1,"145":15,"146":16,"147":15,"148":15,"149":18,"150":15,"151":3,"152":12,"153":9,"154":27,"155":2,"156":9,"157":9,"158":9,"159":7,"160":2,"161":3,"162":2,"163":18,"164":12,"165":1,"166":11,"167":12,"168":11,"169":11,"170":10,"171":11,"172":1,"173":10,"174":10,"175":10,"176":30,"177":10,"178":10,"179":2,"180":9,"181":9,"182":1,"183":8,"184":2,"185":6,"186":1,"187":5,"188":2,"189":3,"190":2,"191":1,"192":2,"193":2,"194":12,"195":6,"196":6,"197":2,"198":4,"199":12,"200":2,"201":2,"202":2,"203":2,"204":2,"205":12,"206":2,"207":10,"208":2,"209":2,"210":10,"211":1,"212":9,"213":9,"214":9,"215":9,"216":9,"217":9,"218":9,"219":9,"220":26,"221":26,"222":26,"223":4,"224":4,"225":4,"226":4,"227":4,"228":4,"229":4,"230":22,"231":6,"232":16,"233":4,"234":4,"235":4,"236":4,"237":4,"238":12,"239":3,"240":9,"241":3,"242":3,"243":3,"244":6,"245":3,"246":3,"247":9,"248":10,"249":9,"250":7,"251":9,"252":6,"253":9,"254":4,"255":4,"256":4,"257":4,"258":4,"259":4,"260":4,"261":4,"262":4,"263":4,"264":4,"265":5,"266":2},"f":{"0":169,"1":141,"2":47,"3":25462,"4":50,"5":76,"6":62,"7":94,"8":115,"9":66,"10":52,"11":17,"12":17,"13":58,"14":16,"15":18,"16":18,"17":12,"18":11,"19":9,"20":9,"21":2,"22":12,"23":2,"24":10,"25":10,"26":7,"27":6},"b":{"0":[141,139],"1":[11,128],"2":[1,46],"3":[5106,92],"4":[1,43],"5":[42,1],"6":[14,42],"7":[56,15,14],"8":[41,1],"9":[1,40],"10":[37,3],"11":[12,25],"12":[1,59],"13":[15,44],"14":[58,1],"15":[1,16],"16":[2,14],"17":[2,14],"18":[2,14],"19":[1,15],"20":[2,14],"21":[1,1],"22":[3,39],"23":[1,41],"24":[42,14],"25":[6,50],"26":[3,3],"27":[2,1],"28":[1,13],"29":[3,7,1,2,2,1],"30":[1,1],"31":[2,2,1,1],"32":[3,12],"33":[15,12],"34":[9,3],"35":[2,25],"36":[27,26],"37":[7,2],"38":[1,11],"39":[10,1],"40":[1,10],"41":[1,8],"42":[2,6],"43":[1,5],"44":[2,3],"45":[2,1],"46":[6,6],"47":[2,4],"48":[2,10],"49":[12,2],"50":[1,9],"51":[4,22],"52":[6,16],"53":[4,12],"54":[3,9],"55":[3,6],"56":[3,3],"57":[4,5]},"_coverageSchema":"43e27e138ebf9cfc5966b082cf9a028302ed4184","hash":"9018c84c100ca6ad4aa58324bf4df8c2fd08be9a"}
}
