TN:
SF:C:\Users\liknE\Documents\skylab\bootcamp\collab\skylab-bootcamp-201904\staff\francesc-destruels\breedingseason\breedingseasonback\common\errors\index.js
FN:4,(anonymous_0)
FN:10,(anonymous_1)
FN:16,(anonymous_2)
FN:22,(anonymous_3)
FN:28,(anonymous_4)
FN:34,(anonymous_5)
FNF:6
FNH:1
FNDA:0,(anonymous_0)
FNDA:0,(anonymous_1)
FNDA:0,(anonymous_2)
FNDA:0,(anonymous_3)
FNDA:0,(anonymous_4)
FNDA:11,(anonymous_5)
DA:5,0
DA:11,0
DA:17,0
DA:23,0
DA:29,0
DA:35,11
DA:39,1
LF:7
LH:2
BRF:0
BRH:0
end_of_record
TN:
SF:C:\Users\liknE\Documents\skylab\bootcamp\collab\skylab-bootcamp-201904\staff\francesc-destruels\breedingseason\breedingseasonback\common\utils\array-random.polyfill.js
FN:3,(anonymous_0)
FNF:1
FNH:1
FNDA:2858,(anonymous_0)
DA:1,1
DA:3,1
DA:4,2858
LF:3
LH:3
BRF:0
BRH:0
end_of_record
TN:
SF:C:\Users\liknE\Documents\skylab\bootcamp\collab\skylab-bootcamp-201904\staff\francesc-destruels\breedingseason\breedingseasonback\common\utils\math-random.polyfill.js
FN:3,(anonymous_0)
FNF:1
FNH:1
FNDA:29601,(anonymous_0)
DA:1,1
DA:3,1
DA:4,29601
DA:5,2891
DA:6,2891
DA:7,0
DA:8,0
LF:7
LH:5
BRDA:4,0,0,26710
BRDA:4,0,1,2891
BRDA:5,1,0,2891
BRDA:5,1,1,0
BRDA:7,2,0,0
BRDA:7,2,1,0
BRF:6
BRH:3
end_of_record
TN:
SF:C:\Users\liknE\Documents\skylab\bootcamp\collab\skylab-bootcamp-201904\staff\francesc-destruels\breedingseason\breedingseasonback\logic\index.js
FN:11,(anonymous_0)
FN:14,(anonymous_1)
FN:15,(anonymous_2)
FN:18,(anonymous_3)
FN:28,(anonymous_4)
FN:32,(anonymous_5)
FN:54,(anonymous_6)
FN:57,(anonymous_7)
FN:72,(anonymous_8)
FN:75,(anonymous_9)
FN:94,(anonymous_10)
FN:103,(anonymous_11)
FN:121,(anonymous_12)
FN:125,(anonymous_13)
FN:131,(anonymous_14)
FN:133,(anonymous_15)
FN:147,(anonymous_16)
FN:151,(anonymous_17)
FN:157,(anonymous_18)
FN:158,(anonymous_19)
FN:173,(anonymous_20)
FN:179,(anonymous_21)
FN:185,(anonymous_22)
FN:187,(anonymous_23)
FN:201,(anonymous_24)
FN:205,(anonymous_25)
FN:211,(anonymous_26)
FN:213,(anonymous_27)
FNF:28
FNH:28
FNDA:3,(anonymous_0)
FNDA:3,(anonymous_1)
FNDA:3,(anonymous_2)
FNDA:3,(anonymous_3)
FNDA:4,(anonymous_4)
FNDA:4,(anonymous_5)
FNDA:2,(anonymous_6)
FNDA:2,(anonymous_7)
FNDA:3,(anonymous_8)
FNDA:3,(anonymous_9)
FNDA:3,(anonymous_10)
FNDA:3,(anonymous_11)
FNDA:5,(anonymous_12)
FNDA:5,(anonymous_13)
FNDA:4,(anonymous_14)
FNDA:3,(anonymous_15)
FNDA:4,(anonymous_16)
FNDA:4,(anonymous_17)
FNDA:1,(anonymous_18)
FNDA:1,(anonymous_19)
FNDA:4,(anonymous_20)
FNDA:4,(anonymous_21)
FNDA:3,(anonymous_22)
FNDA:2,(anonymous_23)
FNDA:5,(anonymous_24)
FNDA:5,(anonymous_25)
FNDA:4,(anonymous_26)
FNDA:2,(anonymous_27)
DA:1,1
DA:2,1
DA:3,1
DA:4,1
DA:5,1
DA:6,1
DA:7,1
DA:8,1
DA:10,1
DA:13,3
DA:14,3
DA:15,3
DA:16,3
DA:18,3
DA:19,3
DA:20,3
DA:22,3
DA:23,2
DA:24,1
DA:29,4
DA:30,4
DA:32,4
DA:33,4
DA:35,4
DA:36,2
DA:38,2
DA:39,1
DA:40,1
DA:41,1
DA:44,2
DA:46,2
DA:47,1
DA:48,1
DA:49,1
DA:55,2
DA:57,2
DA:59,2
DA:61,2
DA:62,1
DA:64,1
DA:66,1
DA:67,1
DA:73,3
DA:75,3
DA:77,3
DA:79,3
DA:80,2
DA:82,2
DA:84,2
DA:85,5
DA:86,1
DA:88,1
DA:89,1
DA:95,3
DA:96,3
DA:97,3
DA:101,3
DA:103,3
DA:105,3
DA:107,3
DA:109,2
DA:111,2
DA:112,1
DA:114,2
DA:116,1
DA:122,5
DA:123,5
DA:125,5
DA:127,5
DA:129,5
DA:131,4
DA:133,4
DA:136,4
DA:138,3
DA:140,3
DA:142,1
DA:148,4
DA:149,4
DA:151,4
DA:153,4
DA:155,4
DA:157,3
DA:158,2
DA:160,3
DA:161,3
DA:163,2
DA:165,1
DA:168,1
DA:174,4
DA:175,4
DA:176,4
DA:177,4
DA:179,4
DA:181,4
DA:183,4
DA:185,3
DA:187,3
DA:190,3
DA:192,2
DA:194,2
DA:196,1
DA:202,5
DA:203,5
DA:205,5
DA:207,5
DA:209,5
DA:211,4
DA:213,4
DA:216,4
DA:218,3
DA:220,3
DA:222,1
DA:229,1
LF:113
LH:113
BRDA:22,0,0,1
BRDA:22,0,1,2
BRDA:22,1,0,3
BRDA:22,1,1,2
BRDA:23,2,0,1
BRDA:23,2,1,1
BRDA:35,3,0,2
BRDA:35,3,1,2
BRDA:38,4,0,1
BRDA:38,4,1,1
BRDA:38,5,0,2
BRDA:38,5,1,1
BRDA:46,6,0,1
BRDA:46,6,1,1
BRDA:46,7,0,2
BRDA:46,7,1,1
BRDA:61,8,0,1
BRDA:61,8,1,1
BRDA:79,9,0,2
BRDA:79,9,1,1
BRDA:84,10,0,1
BRDA:84,10,1,1
BRDA:107,11,0,2
BRDA:107,11,1,1
BRDA:111,12,0,1
BRDA:111,12,1,1
BRDA:129,13,0,4
BRDA:129,13,1,1
BRDA:133,14,0,3
BRDA:133,14,1,1
BRDA:136,15,0,1
BRDA:136,15,1,3
BRDA:155,16,0,3
BRDA:155,16,1,1
BRDA:157,17,0,1
BRDA:157,17,1,2
BRDA:183,18,0,3
BRDA:183,18,1,1
BRDA:187,19,0,2
BRDA:187,19,1,1
BRDA:190,20,0,1
BRDA:190,20,1,2
BRDA:209,21,0,4
BRDA:209,21,1,1
BRDA:213,22,0,2
BRDA:213,22,1,2
BRDA:216,23,0,1
BRDA:216,23,1,3
BRF:48
BRH:48
end_of_record
TN:
SF:C:\Users\liknE\Documents\skylab\bootcamp\collab\skylab-bootcamp-201904\staff\francesc-destruels\breedingseason\breedingseasonback\logic\game\game.js
FN:8,Game
FN:13,(anonymous_1)
FN:35,(anonymous_2)
FN:60,(anonymous_3)
FN:81,(anonymous_4)
FN:84,(anonymous_5)
FN:97,(anonymous_6)
FN:108,(anonymous_7)
FN:115,(anonymous_8)
FN:136,(anonymous_9)
FN:187,(anonymous_10)
FN:197,(anonymous_11)
FN:222,(anonymous_12)
FN:250,(anonymous_13)
FN:302,(anonymous_14)
FN:306,(anonymous_15)
FN:325,(anonymous_16)
FN:330,(anonymous_17)
FN:332,(anonymous_18)
FN:352,(anonymous_19)
FN:354,(anonymous_20)
FN:366,(anonymous_21)
FN:368,(anonymous_22)
FN:378,(anonymous_23)
FN:396,(anonymous_24)
FN:461,(anonymous_25)
FN:462,(anonymous_26)
FN:463,(anonymous_27)
FNF:28
FNH:28
FNDA:169,Game
FNDA:141,(anonymous_1)
FNDA:47,(anonymous_2)
FNDA:25462,(anonymous_3)
FNDA:50,(anonymous_4)
FNDA:76,(anonymous_5)
FNDA:62,(anonymous_6)
FNDA:94,(anonymous_7)
FNDA:115,(anonymous_8)
FNDA:66,(anonymous_9)
FNDA:52,(anonymous_10)
FNDA:17,(anonymous_11)
FNDA:17,(anonymous_12)
FNDA:58,(anonymous_13)
FNDA:16,(anonymous_14)
FNDA:18,(anonymous_15)
FNDA:18,(anonymous_16)
FNDA:12,(anonymous_17)
FNDA:11,(anonymous_18)
FNDA:9,(anonymous_19)
FNDA:9,(anonymous_20)
FNDA:2,(anonymous_21)
FNDA:12,(anonymous_22)
FNDA:2,(anonymous_23)
FNDA:10,(anonymous_24)
FNDA:10,(anonymous_25)
FNDA:7,(anonymous_26)
FNDA:6,(anonymous_27)
DA:2,2
DA:3,2
DA:5,2
DA:6,2
DA:9,169
DA:10,163
DA:11,157
DA:13,141
DA:16,139
DA:18,139
DA:19,139
DA:20,139
DA:21,139
DA:22,139
DA:23,139
DA:24,139
DA:25,139
DA:26,139
DA:27,139
DA:28,139
DA:29,139
DA:30,139
DA:31,139
DA:32,139
DA:35,2
DA:37,47
DA:43,46
DA:45,46
DA:47,138
DA:49,138
DA:51,138
DA:58,46
DA:60,25462
DA:62,46
DA:64,46
DA:66,5198
DA:67,5106
DA:68,5106
DA:69,92
DA:72,46
DA:74,46
DA:81,2
DA:82,50
DA:84,76
DA:85,44
DA:87,43
DA:88,1
DA:90,42
DA:97,2
DA:98,62
DA:100,56
DA:101,14
DA:102,14
DA:105,42
DA:108,94
DA:110,41
DA:112,40
DA:114,40
DA:115,115
DA:117,37
DA:118,12
DA:119,12
DA:122,25
DA:126,3
DA:129,1
DA:136,2
DA:137,66
DA:139,60
DA:141,59
DA:143,59
DA:185,59
DA:187,59
DA:188,1
DA:190,58
DA:197,2
DA:198,17
DA:199,17
DA:215,17
DA:220,17
DA:222,17
DA:224,17
DA:225,16
DA:227,16
DA:229,16
DA:230,16
DA:231,16
DA:232,16
DA:234,16
DA:237,16
DA:238,2
DA:240,2
DA:244,14
DA:247,14
DA:249,14
DA:250,58
DA:252,42
DA:254,42
DA:259,14
DA:261,14
DA:262,56
DA:263,6
DA:265,6
DA:267,6
DA:269,3
DA:270,2
DA:271,2
DA:273,1
DA:274,3
DA:275,50
DA:278,14
DA:281,16
DA:283,3
DA:284,3
DA:286,7
DA:287,7
DA:289,1
DA:290,1
DA:293,2
DA:294,1
DA:295,1
DA:297,2
DA:300,1
DA:302,16
DA:304,15
DA:306,18
DA:308,15
DA:309,12
DA:310,27
DA:312,9
DA:313,9
DA:315,9
DA:316,2
DA:318,3
DA:325,2
DA:326,18
DA:328,12
DA:330,12
DA:332,11
DA:333,11
DA:336,11
DA:338,10
DA:340,10
DA:341,30
DA:343,10
DA:345,10
DA:352,2
DA:354,9
DA:355,8
DA:356,6
DA:357,5
DA:358,3
DA:359,1
DA:366,2
DA:368,2
DA:371,12
DA:372,6
DA:373,4
DA:375,12
DA:378,2
DA:380,2
DA:382,2
DA:383,12
DA:384,10
DA:387,2
DA:396,2
DA:397,10
DA:399,9
DA:401,9
DA:402,9
DA:403,9
DA:405,9
DA:406,9
DA:407,9
DA:409,9
DA:411,26
DA:413,26
DA:427,26
DA:428,4
DA:429,4
DA:430,4
DA:431,4
DA:432,4
DA:433,4
DA:434,4
DA:436,22
DA:437,6
DA:439,16
DA:440,4
DA:441,4
DA:442,4
DA:443,4
DA:444,4
DA:446,12
DA:447,3
DA:449,9
DA:450,3
DA:451,3
DA:452,3
DA:454,6
DA:455,3
DA:457,3
DA:461,10
DA:462,9
DA:463,9
DA:465,9
DA:466,4
DA:481,4
DA:483,4
DA:485,4
DA:487,4
DA:489,4
DA:508,4
DA:510,4
DA:512,4
DA:514,4
DA:516,4
DA:518,5
DA:522,2
LF:218
LH:218
BRDA:13,0,0,141
BRDA:13,0,1,139
BRDA:24,1,0,11
BRDA:24,1,1,128
BRDA:37,2,0,1
BRDA:37,2,1,46
BRDA:66,3,0,5106
BRDA:66,3,1,92
BRDA:85,4,0,1
BRDA:85,4,1,43
BRDA:87,5,0,42
BRDA:87,5,1,1
BRDA:100,6,0,14
BRDA:100,6,1,42
BRDA:100,7,0,56
BRDA:100,7,1,15
BRDA:100,7,2,14
BRDA:105,8,0,41
BRDA:105,8,1,1
BRDA:110,9,0,1
BRDA:110,9,1,40
BRDA:114,10,0,37
BRDA:114,10,1,3
BRDA:117,11,0,12
BRDA:117,11,1,25
BRDA:139,12,0,1
BRDA:139,12,1,59
BRDA:172,13,0,15
BRDA:172,13,1,44
BRDA:187,14,0,58
BRDA:187,14,1,1
BRDA:224,15,0,1
BRDA:224,15,1,16
BRDA:229,16,0,2
BRDA:229,16,1,14
BRDA:230,17,0,2
BRDA:230,17,1,14
BRDA:231,18,0,2
BRDA:231,18,1,14
BRDA:232,19,0,1
BRDA:232,19,1,15
BRDA:237,20,0,2
BRDA:237,20,1,14
BRDA:240,21,0,1
BRDA:240,21,1,1
BRDA:252,22,0,3
BRDA:252,22,1,39
BRDA:254,23,0,1
BRDA:254,23,1,41
BRDA:254,24,0,42
BRDA:254,24,1,14
BRDA:262,25,0,6
BRDA:262,25,1,50
BRDA:267,26,0,3
BRDA:267,26,1,3
BRDA:269,27,0,2
BRDA:269,27,1,1
BRDA:278,28,0,1
BRDA:278,28,1,13
BRDA:281,29,0,3
BRDA:281,29,1,7
BRDA:281,29,2,1
BRDA:281,29,3,2
BRDA:281,29,4,2
BRDA:281,29,5,1
BRDA:293,30,0,1
BRDA:293,30,1,1
BRDA:293,31,0,2
BRDA:293,31,1,2
BRDA:293,31,2,1
BRDA:293,31,3,1
BRDA:308,32,0,3
BRDA:308,32,1,12
BRDA:308,33,0,15
BRDA:308,33,1,12
BRDA:309,34,0,9
BRDA:309,34,1,3
BRDA:310,35,0,2
BRDA:310,35,1,25
BRDA:310,36,0,27
BRDA:310,36,1,26
BRDA:315,37,0,7
BRDA:315,37,1,2
BRDA:328,38,0,1
BRDA:328,38,1,11
BRDA:333,39,0,10
BRDA:333,39,1,1
BRDA:336,40,0,1
BRDA:336,40,1,10
BRDA:354,41,0,1
BRDA:354,41,1,8
BRDA:355,42,0,2
BRDA:355,42,1,6
BRDA:356,43,0,1
BRDA:356,43,1,5
BRDA:357,44,0,2
BRDA:357,44,1,3
BRDA:358,45,0,2
BRDA:358,45,1,1
BRDA:371,46,0,6
BRDA:371,46,1,6
BRDA:372,47,0,2
BRDA:372,47,1,4
BRDA:383,48,0,2
BRDA:383,48,1,10
BRDA:383,49,0,12
BRDA:383,49,1,2
BRDA:397,50,0,1
BRDA:397,50,1,9
BRDA:427,51,0,4
BRDA:427,51,1,22
BRDA:436,52,0,6
BRDA:436,52,1,16
BRDA:439,53,0,4
BRDA:439,53,1,12
BRDA:446,54,0,3
BRDA:446,54,1,9
BRDA:449,55,0,3
BRDA:449,55,1,6
BRDA:454,56,0,3
BRDA:454,56,1,3
BRDA:465,57,0,4
BRDA:465,57,1,5
BRF:123
BRH:123
end_of_record
